{"/home/travis/build/npmtest/node-npmtest-sander/test.js":{"path":"/home/travis/build/npmtest/node-npmtest-sander/test.js","s":{"1":2,"2":2,"3":2,"4":2,"5":2,"6":2,"7":2,"8":1,"9":2,"10":2,"11":1,"12":1,"13":1,"14":1,"15":2,"16":2,"17":2,"18":2,"19":1,"20":1,"21":2,"22":2,"23":2,"24":1,"25":1,"26":1,"27":1,"28":1,"29":1,"30":1,"31":1,"32":1,"33":1,"34":1,"35":1,"36":1,"37":1,"38":1,"39":2,"40":2,"41":1,"42":2,"43":2,"44":1,"45":2,"46":2,"47":1,"48":2,"49":2,"50":1,"51":1,"52":1,"53":1,"54":1},"b":{"1":[2,1,1,1],"2":[1,1,1,1],"3":[1,1],"4":[1,1],"5":[1,1],"6":[1,1],"7":[1,1],"8":[1,1],"9":[1,1],"10":[1,1,1],"11":[1,1],"12":[1,1],"13":[1,1],"14":[1,1],"15":[1,1],"16":[1,1],"17":[1,1]},"f":{"1":2,"2":2,"3":2,"4":2,"5":2,"6":1,"7":1,"8":1,"9":2,"10":2,"11":2,"12":2,"13":1},"fnMap":{"1":{"name":"(anonymous_1)","line":12,"loc":{"start":{"line":12,"column":1},"end":{"line":12,"column":13}}},"2":{"name":"(anonymous_2)","line":19,"loc":{"start":{"line":19,"column":5},"end":{"line":19,"column":17}}},"3":{"name":"(anonymous_3)","line":23,"loc":{"start":{"line":23,"column":24},"end":{"line":23,"column":36}}},"4":{"name":"(anonymous_4)","line":61,"loc":{"start":{"line":61,"column":5},"end":{"line":61,"column":17}}},"5":{"name":"(anonymous_5)","line":82,"loc":{"start":{"line":82,"column":5},"end":{"line":82,"column":17}}},"6":{"name":"(anonymous_6)","line":91,"loc":{"start":{"line":91,"column":77},"end":{"line":94,"column":10}}},"7":{"name":"(anonymous_7)","line":112,"loc":{"start":{"line":112,"column":83},"end":{"line":115,"column":10}},"skip":true},"8":{"name":"(anonymous_8)","line":123,"loc":{"start":{"line":123,"column":77},"end":{"line":126,"column":10}},"skip":true},"9":{"name":"(anonymous_9)","line":139,"loc":{"start":{"line":139,"column":12},"end":{"line":139,"column":40}},"skip":true},"10":{"name":"(anonymous_10)","line":147,"loc":{"start":{"line":147,"column":77},"end":{"line":150,"column":10}},"skip":true},"11":{"name":"(anonymous_11)","line":158,"loc":{"start":{"line":158,"column":83},"end":{"line":161,"column":10}},"skip":true},"12":{"name":"(anonymous_12)","line":169,"loc":{"start":{"line":169,"column":79},"end":{"line":172,"column":10}},"skip":true},"13":{"name":"(anonymous_13)","line":180,"loc":{"start":{"line":180,"column":75},"end":{"line":183,"column":10}},"skip":true}},"statementMap":{"1":{"start":{"line":12,"column":0},"end":{"line":195,"column":5}},"2":{"start":{"line":14,"column":4},"end":{"line":14,"column":14}},"3":{"start":{"line":19,"column":4},"end":{"line":56,"column":9}},"4":{"start":{"line":21,"column":8},"end":{"line":21,"column":19}},"5":{"start":{"line":23,"column":8},"end":{"line":35,"column":13}},"6":{"start":{"line":24,"column":12},"end":{"line":34,"column":13}},"7":{"start":{"line":25,"column":16},"end":{"line":28,"column":30}},"8":{"start":{"line":30,"column":16},"end":{"line":33,"column":27}},"9":{"start":{"line":37,"column":8},"end":{"line":39,"column":21}},"10":{"start":{"line":40,"column":8},"end":{"line":53,"column":9}},"11":{"start":{"line":43,"column":12},"end":{"line":46,"column":14}},"12":{"start":{"line":47,"column":12},"end":{"line":47,"column":18}},"13":{"start":{"line":50,"column":12},"end":{"line":51,"column":33}},"14":{"start":{"line":52,"column":12},"end":{"line":52,"column":18}},"15":{"start":{"line":55,"column":8},"end":{"line":55,"column":35}},"16":{"start":{"line":61,"column":4},"end":{"line":63,"column":9}},"17":{"start":{"line":62,"column":8},"end":{"line":62,"column":15}},"18":{"start":{"line":64,"column":4},"end":{"line":77,"column":5}},"19":{"start":{"line":70,"column":8},"end":{"line":70,"column":14}},"20":{"start":{"line":76,"column":8},"end":{"line":76,"column":14}},"21":{"start":{"line":82,"column":4},"end":{"line":84,"column":9}},"22":{"start":{"line":83,"column":8},"end":{"line":83,"column":15}},"23":{"start":{"line":85,"column":4},"end":{"line":194,"column":5}},"24":{"start":{"line":91,"column":8},"end":{"line":99,"column":10}},"25":{"start":{"line":98,"column":12},"end":{"line":98,"column":35}},"26":{"start":{"line":102,"column":8},"end":{"line":104,"column":63}},"27":{"start":{"line":105,"column":8},"end":{"line":105,"column":14}},"28":{"start":{"line":112,"column":8},"end":{"line":121,"column":10},"skip":true},"29":{"start":{"line":119,"column":12},"end":{"line":119,"column":55},"skip":true},"30":{"start":{"line":120,"column":12},"end":{"line":120,"column":48},"skip":true},"31":{"start":{"line":123,"column":8},"end":{"line":136,"column":10},"skip":true},"32":{"start":{"line":130,"column":12},"end":{"line":130,"column":76},"skip":true},"33":{"start":{"line":131,"column":12},"end":{"line":131,"column":73},"skip":true},"34":{"start":{"line":132,"column":12},"end":{"line":132,"column":74},"skip":true},"35":{"start":{"line":133,"column":12},"end":{"line":133,"column":79},"skip":true},"36":{"start":{"line":134,"column":12},"end":{"line":134,"column":25},"skip":true},"37":{"start":{"line":135,"column":12},"end":{"line":135,"column":45},"skip":true},"38":{"start":{"line":138,"column":8},"end":{"line":145,"column":14},"skip":true},"39":{"start":{"line":143,"column":16},"end":{"line":143,"column":29},"skip":true},"40":{"start":{"line":144,"column":16},"end":{"line":144,"column":55},"skip":true},"41":{"start":{"line":147,"column":8},"end":{"line":156,"column":10},"skip":true},"42":{"start":{"line":154,"column":12},"end":{"line":154,"column":25},"skip":true},"43":{"start":{"line":155,"column":12},"end":{"line":155,"column":45},"skip":true},"44":{"start":{"line":158,"column":8},"end":{"line":167,"column":10},"skip":true},"45":{"start":{"line":165,"column":12},"end":{"line":165,"column":25},"skip":true},"46":{"start":{"line":166,"column":12},"end":{"line":166,"column":48},"skip":true},"47":{"start":{"line":169,"column":8},"end":{"line":178,"column":10},"skip":true},"48":{"start":{"line":176,"column":12},"end":{"line":176,"column":25},"skip":true},"49":{"start":{"line":177,"column":12},"end":{"line":177,"column":46},"skip":true},"50":{"start":{"line":180,"column":8},"end":{"line":189,"column":10},"skip":true},"51":{"start":{"line":187,"column":12},"end":{"line":187,"column":94},"skip":true},"52":{"start":{"line":188,"column":12},"end":{"line":188,"column":48},"skip":true},"53":{"start":{"line":192,"column":8},"end":{"line":192,"column":35},"skip":true},"54":{"start":{"line":193,"column":8},"end":{"line":193,"column":14},"skip":true}},"branchMap":{"1":{"line":25,"type":"binary-expr","locations":[{"start":{"line":25,"column":23},"end":{"line":25,"column":62}},{"start":{"line":26,"column":20},"end":{"line":26,"column":70}},{"start":{"line":27,"column":20},"end":{"line":27,"column":71}},{"start":{"line":28,"column":20},"end":{"line":28,"column":29}}]},"2":{"line":30,"type":"binary-expr","locations":[{"start":{"line":30,"column":23},"end":{"line":30,"column":37}},{"start":{"line":31,"column":20},"end":{"line":31,"column":61}},{"start":{"line":32,"column":20},"end":{"line":32,"column":70}},{"start":{"line":33,"column":20},"end":{"line":33,"column":26}}]},"3":{"line":37,"type":"cond-expr","locations":[{"start":{"line":38,"column":14},"end":{"line":38,"column":20}},{"start":{"line":39,"column":14},"end":{"line":39,"column":20}}]},"4":{"line":40,"type":"switch","locations":[{"start":{"line":42,"column":8},"end":{"line":47,"column":18}},{"start":{"line":49,"column":8},"end":{"line":52,"column":18}}]},"5":{"line":44,"type":"binary-expr","locations":[{"start":{"line":44,"column":16},"end":{"line":44,"column":44}},{"start":{"line":44,"column":48},"end":{"line":44,"column":66}}]},"6":{"line":50,"type":"binary-expr","locations":[{"start":{"line":50,"column":21},"end":{"line":50,"column":49}},{"start":{"line":50,"column":53},"end":{"line":50,"column":72}}]},"7":{"line":64,"type":"switch","locations":[{"start":{"line":69,"column":4},"end":{"line":70,"column":14}},{"start":{"line":75,"column":4},"end":{"line":76,"column":14}}]},"8":{"line":85,"type":"switch","locations":[{"start":{"line":90,"column":4},"end":{"line":105,"column":14}},{"start":{"line":111,"column":4},"end":{"line":193,"column":14},"skip":true}]},"9":{"line":91,"type":"binary-expr","locations":[{"start":{"line":91,"column":42},"end":{"line":91,"column":73}},{"start":{"line":91,"column":77},"end":{"line":99,"column":9}}]},"10":{"line":102,"type":"binary-expr","locations":[{"start":{"line":102,"column":18},"end":{"line":102,"column":32}},{"start":{"line":103,"column":12},"end":{"line":103,"column":53}},{"start":{"line":104,"column":12},"end":{"line":104,"column":61}}]},"11":{"line":112,"type":"binary-expr","locations":[{"start":{"line":112,"column":45},"end":{"line":112,"column":79},"skip":true},{"start":{"line":112,"column":83},"end":{"line":121,"column":9},"skip":true}]},"12":{"line":123,"type":"binary-expr","locations":[{"start":{"line":123,"column":42},"end":{"line":123,"column":73},"skip":true},{"start":{"line":123,"column":77},"end":{"line":136,"column":9},"skip":true}]},"13":{"line":138,"type":"binary-expr","locations":[{"start":{"line":138,"column":48},"end":{"line":138,"column":85},"skip":true},{"start":{"line":139,"column":12},"end":{"line":145,"column":13},"skip":true}]},"14":{"line":147,"type":"binary-expr","locations":[{"start":{"line":147,"column":42},"end":{"line":147,"column":73},"skip":true},{"start":{"line":147,"column":77},"end":{"line":156,"column":9},"skip":true}]},"15":{"line":158,"type":"binary-expr","locations":[{"start":{"line":158,"column":45},"end":{"line":158,"column":79},"skip":true},{"start":{"line":158,"column":83},"end":{"line":167,"column":9},"skip":true}]},"16":{"line":169,"type":"binary-expr","locations":[{"start":{"line":169,"column":43},"end":{"line":169,"column":75},"skip":true},{"start":{"line":169,"column":79},"end":{"line":178,"column":9},"skip":true}]},"17":{"line":180,"type":"binary-expr","locations":[{"start":{"line":180,"column":41},"end":{"line":180,"column":71},"skip":true},{"start":{"line":180,"column":75},"end":{"line":189,"column":9},"skip":true}]}},"code":["/* istanbul instrument in package npmtest_sander */","/*jslint","    bitwise: true,","    browser: true,","    maxerr: 8,","    maxlen: 96,","    node: true,","    nomen: true,","    regexp: true,","    stupid: true","*/","(function () {","    'use strict';","    var local;","","","","    // run shared js-env code - init-before","    (function () {","        // init local","        local = {};","        // init modeJs","        local.modeJs = (function () {","            try {","                return typeof navigator.userAgent === 'string' &&","                    typeof document.querySelector('body') === 'object' &&","                    typeof XMLHttpRequest.prototype.open === 'function' &&","                    'browser';","            } catch (errorCaughtBrowser) {","                return module.exports &&","                    typeof process.versions.node === 'string' &&","                    typeof require('http').createServer === 'function' &&","                    'node';","            }","        }());","        // init global","        local.global = local.modeJs === 'browser'","            ? window","            : global;","        switch (local.modeJs) {","        // re-init local from window.local","        case 'browser':","            local = local.global.utility2.objectSetDefault(","                local.global.utility2_rollup || local.global.local,","                local.global.utility2","            );","            break;","        // re-init local from example.js","        case 'node':","            local = (local.global.utility2_rollup || require('utility2'))","                .requireReadme();","            break;","        }","        // export local","        local.global.local = local;","    }());","","","","    // run shared js-env code - function","    (function () {","        return;","    }());","    switch (local.modeJs) {","","","","    // run browser js-env code - function","    case 'browser':","        break;","","","","    // run node js-env code - function","    case 'node':","        break;","    }","","","","    // run shared js-env code - init-after","    (function () {","        return;","    }());","    switch (local.modeJs) {","","","","    // run browser js-env code - init-after","    case 'browser':","        local.testCase_browser_nullCase = local.testCase_browser_nullCase || function (","            options,","            onError","        ) {","        /*","         * this function will test browsers's null-case handling-behavior-behavior","         */","            onError(null, options);","        };","","        // run tests","        local.nop(local.modeTest &&","            document.querySelector('#testRunButton1') &&","            document.querySelector('#testRunButton1').click());","        break;","","","","    // run node js-env code - init-after","    /* istanbul ignore next */","    case 'node':","        local.testCase_buildApidoc_default = local.testCase_buildApidoc_default || function (","            options,","            onError","        ) {","        /*","         * this function will test buildApidoc's default handling-behavior-behavior","         */","            options = { modulePathList: module.paths };","            local.buildApidoc(options, onError);","        };","","        local.testCase_buildApp_default = local.testCase_buildApp_default || function (","            options,","            onError","        ) {","        /*","         * this function will test buildApp's default handling-behavior-behavior","         */","            local.testCase_buildReadme_default(options, local.onErrorThrow);","            local.testCase_buildLib_default(options, local.onErrorThrow);","            local.testCase_buildTest_default(options, local.onErrorThrow);","            local.testCase_buildCustomOrg_default(options, local.onErrorThrow);","            options = [];","            local.buildApp(options, onError);","        };","","        local.testCase_buildCustomOrg_default = local.testCase_buildCustomOrg_default ||","            function (options, onError) {","            /*","             * this function will test buildCustomOrg's default handling-behavior","             */","                options = {};","                local.buildCustomOrg(options, onError);","            };","","        local.testCase_buildLib_default = local.testCase_buildLib_default || function (","            options,","            onError","        ) {","        /*","         * this function will test buildLib's default handling-behavior","         */","            options = {};","            local.buildLib(options, onError);","        };","","        local.testCase_buildReadme_default = local.testCase_buildReadme_default || function (","            options,","            onError","        ) {","        /*","         * this function will test buildReadme's default handling-behavior-behavior","         */","            options = {};","            local.buildReadme(options, onError);","        };","","        local.testCase_buildTest_default = local.testCase_buildTest_default || function (","            options,","            onError","        ) {","        /*","         * this function will test buildTest's default handling-behavior","         */","            options = {};","            local.buildTest(options, onError);","        };","","        local.testCase_webpage_default = local.testCase_webpage_default || function (","            options,","            onError","        ) {","        /*","         * this function will test webpage's default handling-behavior","         */","            options = { modeCoverageMerge: true, url: local.serverLocalHost + '?modeTest=1' };","            local.browserTest(options, onError);","        };","","        // run test-server","        local.testRunServer(local);","        break;","    }","}());",""],"l":{"12":2,"14":2,"19":2,"21":2,"23":2,"24":2,"25":2,"30":1,"37":2,"40":2,"43":1,"47":1,"50":1,"52":1,"55":2,"61":2,"62":2,"64":2,"70":1,"76":1,"82":2,"83":2,"85":2,"91":1,"98":1,"102":1,"105":1,"112":1,"119":1,"120":1,"123":1,"130":1,"131":1,"132":1,"133":1,"134":1,"135":1,"138":1,"143":2,"144":2,"147":1,"154":2,"155":2,"158":1,"165":2,"166":2,"169":1,"176":2,"177":2,"180":1,"187":1,"188":1,"192":1,"193":1}},"/home/travis/build/npmtest/node-npmtest-sander/lib.npmtest_sander.js":{"path":"/home/travis/build/npmtest/node-npmtest-sander/lib.npmtest_sander.js","s":{"1":2,"2":2,"3":2,"4":2,"5":2,"6":2,"7":2,"8":1,"9":2,"10":2,"11":2,"12":2,"13":1,"14":1,"15":1,"16":1},"b":{"1":[2,1,1,1],"2":[1,1,1,1],"3":[1,1],"4":[2,2],"5":[1,1]},"f":{"1":2,"2":2,"3":2},"fnMap":{"1":{"name":"(anonymous_1)","line":12,"loc":{"start":{"line":12,"column":1},"end":{"line":12,"column":13}}},"2":{"name":"(anonymous_2)","line":19,"loc":{"start":{"line":19,"column":5},"end":{"line":19,"column":17}}},"3":{"name":"(anonymous_3)","line":23,"loc":{"start":{"line":23,"column":24},"end":{"line":23,"column":36}}}},"statementMap":{"1":{"start":{"line":12,"column":0},"end":{"line":53,"column":5}},"2":{"start":{"line":14,"column":4},"end":{"line":14,"column":14}},"3":{"start":{"line":19,"column":4},"end":{"line":52,"column":9}},"4":{"start":{"line":21,"column":8},"end":{"line":21,"column":19}},"5":{"start":{"line":23,"column":8},"end":{"line":35,"column":13}},"6":{"start":{"line":24,"column":12},"end":{"line":34,"column":13}},"7":{"start":{"line":25,"column":16},"end":{"line":28,"column":30}},"8":{"start":{"line":30,"column":16},"end":{"line":33,"column":27}},"9":{"start":{"line":37,"column":8},"end":{"line":39,"column":21}},"10":{"start":{"line":41,"column":8},"end":{"line":41,"column":54}},"11":{"start":{"line":43,"column":8},"end":{"line":43,"column":51}},"12":{"start":{"line":45,"column":8},"end":{"line":51,"column":9}},"13":{"start":{"line":46,"column":12},"end":{"line":46,"column":57}},"14":{"start":{"line":48,"column":12},"end":{"line":48,"column":35}},"15":{"start":{"line":49,"column":12},"end":{"line":49,"column":49}},"16":{"start":{"line":50,"column":12},"end":{"line":50,"column":43}}},"branchMap":{"1":{"line":25,"type":"binary-expr","locations":[{"start":{"line":25,"column":23},"end":{"line":25,"column":62}},{"start":{"line":26,"column":20},"end":{"line":26,"column":70}},{"start":{"line":27,"column":20},"end":{"line":27,"column":71}},{"start":{"line":28,"column":20},"end":{"line":28,"column":29}}]},"2":{"line":30,"type":"binary-expr","locations":[{"start":{"line":30,"column":23},"end":{"line":30,"column":37}},{"start":{"line":31,"column":20},"end":{"line":31,"column":61}},{"start":{"line":32,"column":20},"end":{"line":32,"column":70}},{"start":{"line":33,"column":20},"end":{"line":33,"column":26}}]},"3":{"line":37,"type":"cond-expr","locations":[{"start":{"line":38,"column":14},"end":{"line":38,"column":20}},{"start":{"line":39,"column":14},"end":{"line":39,"column":20}}]},"4":{"line":41,"type":"binary-expr","locations":[{"start":{"line":41,"column":16},"end":{"line":41,"column":44}},{"start":{"line":41,"column":48},"end":{"line":41,"column":53}}]},"5":{"line":45,"type":"if","locations":[{"start":{"line":45,"column":8},"end":{"line":45,"column":8}},{"start":{"line":45,"column":8},"end":{"line":45,"column":8}}]}},"code":["/* istanbul instrument in package npmtest_sander */","/*jslint","    bitwise: true,","    browser: true,","    maxerr: 8,","    maxlen: 96,","    node: true,","    nomen: true,","    regexp: true,","    stupid: true","*/","(function () {","    'use strict';","    var local;","","","","    // run shared js-env code - init-before","    (function () {","        // init local","        local = {};","        // init modeJs","        local.modeJs = (function () {","            try {","                return typeof navigator.userAgent === 'string' &&","                    typeof document.querySelector('body') === 'object' &&","                    typeof XMLHttpRequest.prototype.open === 'function' &&","                    'browser';","            } catch (errorCaughtBrowser) {","                return module.exports &&","                    typeof process.versions.node === 'string' &&","                    typeof require('http').createServer === 'function' &&","                    'node';","            }","        }());","        // init global","        local.global = local.modeJs === 'browser'","            ? window","            : global;","        // init utility2_rollup","        local = local.global.utility2_rollup || local;","        // init lib","        local.local = local.npmtest_sander = local;","        // init exports","        if (local.modeJs === 'browser') {","            local.global.utility2_npmtest_sander = local;","        } else {","            module.exports = local;","            module.exports.__dirname = __dirname;","            module.exports.module = module;","        }","    }());","}());",""],"l":{"12":2,"14":2,"19":2,"21":2,"23":2,"24":2,"25":2,"30":1,"37":2,"41":2,"43":2,"45":2,"46":1,"48":1,"49":1,"50":1}},"/home/travis/build/npmtest/node-npmtest-sander/example.js":{"path":"/home/travis/build/npmtest/node-npmtest-sander/example.js","s":{"1":2,"2":2,"3":2,"4":2,"5":2,"6":2,"7":2,"8":1,"9":2,"10":2,"11":2,"12":2,"13":1,"14":2,"15":2,"16":2,"17":2,"18":2,"19":0,"20":2,"21":1,"22":1,"23":1,"24":1,"25":1,"26":0,"27":0,"28":1,"29":1,"30":2,"31":0,"32":0,"33":0,"34":1,"35":2,"36":2,"37":3,"38":3,"39":3,"40":3,"41":0,"42":3,"43":3,"44":3,"45":1,"46":3,"47":1,"48":1,"49":1,"50":1,"51":1,"52":1,"53":1,"54":1,"55":1,"56":1,"57":0,"58":1,"59":6,"60":6,"61":1,"62":2,"63":0,"64":2,"65":1,"66":1,"67":0,"68":0,"69":0,"70":0,"71":0,"72":0,"73":0,"74":0,"75":0,"76":0,"77":0,"78":0,"79":0,"80":0,"81":0,"82":0,"83":0},"b":{"1":[2,1,1,1],"2":[1,1,1,1],"3":[1,1],"4":[2,2],"5":[1,1],"6":[1,1],"7":[2,0],"8":[2,1,1,1,1,1],"9":[0,2,0],"10":[1,1],"11":[2,1,1],"12":[1,0],"13":[0,2],"14":[2,0,0,0,0,0,0],"15":[0,3],"16":[3,0],"17":[1,1],"18":[0,1],"19":[1,2,0,2],"20":[1,0],"21":[1,1],"22":[0,0],"23":[0,0],"24":[0,0],"25":[0,0],"26":[0,0],"27":[0,0],"28":[0,0]},"f":{"1":2,"2":2,"3":2,"4":2,"5":2,"6":2,"7":3,"8":3,"9":3,"10":1,"11":6,"12":0},"fnMap":{"1":{"name":"(anonymous_1)","line":26,"loc":{"start":{"line":26,"column":1},"end":{"line":26,"column":13}}},"2":{"name":"(anonymous_2)","line":33,"loc":{"start":{"line":33,"column":5},"end":{"line":33,"column":17}}},"3":{"name":"(anonymous_3)","line":37,"loc":{"start":{"line":37,"column":24},"end":{"line":37,"column":36}}},"4":{"name":"(anonymous_4)","line":69,"loc":{"start":{"line":69,"column":31},"end":{"line":69,"column":48}},"skip":true},"5":{"name":"(anonymous_5)","line":78,"loc":{"start":{"line":78,"column":26},"end":{"line":78,"column":45}},"skip":true},"6":{"name":"(anonymous_6)","line":123,"loc":{"start":{"line":123,"column":33},"end":{"line":123,"column":48}},"skip":true},"7":{"name":"(anonymous_7)","line":125,"loc":{"start":{"line":125,"column":27},"end":{"line":125,"column":39}},"skip":true},"8":{"name":"(anonymous_8)","line":133,"loc":{"start":{"line":133,"column":59},"end":{"line":133,"column":74}},"skip":true},"9":{"name":"(anonymous_9)","line":143,"loc":{"start":{"line":143,"column":45},"end":{"line":143,"column":62}},"skip":true},"10":{"name":"(anonymous_10)","line":144,"loc":{"start":{"line":144,"column":73},"end":{"line":144,"column":92}},"skip":true},"11":{"name":"(anonymous_11)","line":272,"loc":{"start":{"line":272,"column":51},"end":{"line":272,"column":77}},"skip":true},"12":{"name":"(anonymous_12)","line":315,"loc":{"start":{"line":315,"column":32},"end":{"line":315,"column":61}},"skip":true}},"statementMap":{"1":{"start":{"line":26,"column":0},"end":{"line":326,"column":5}},"2":{"start":{"line":28,"column":4},"end":{"line":28,"column":14}},"3":{"start":{"line":33,"column":4},"end":{"line":60,"column":9}},"4":{"start":{"line":35,"column":8},"end":{"line":35,"column":19}},"5":{"start":{"line":37,"column":8},"end":{"line":49,"column":13}},"6":{"start":{"line":38,"column":12},"end":{"line":48,"column":13}},"7":{"start":{"line":39,"column":16},"end":{"line":42,"column":30}},"8":{"start":{"line":44,"column":16},"end":{"line":47,"column":27}},"9":{"start":{"line":51,"column":8},"end":{"line":53,"column":21}},"10":{"start":{"line":55,"column":8},"end":{"line":57,"column":45}},"11":{"start":{"line":59,"column":8},"end":{"line":59,"column":35}},"12":{"start":{"line":61,"column":4},"end":{"line":325,"column":5}},"13":{"start":{"line":69,"column":8},"end":{"line":121,"column":10},"skip":true},"14":{"start":{"line":70,"column":12},"end":{"line":88,"column":13},"skip":true},"15":{"start":{"line":76,"column":16},"end":{"line":87,"column":19},"skip":true},"16":{"start":{"line":79,"column":20},"end":{"line":86,"column":21},"skip":true},"17":{"start":{"line":82,"column":24},"end":{"line":82,"column":43},"skip":true},"18":{"start":{"line":83,"column":24},"end":{"line":83,"column":30},"skip":true},"19":{"start":{"line":85,"column":24},"end":{"line":85,"column":49},"skip":true},"20":{"start":{"line":89,"column":12},"end":{"line":107,"column":13},"skip":true},"21":{"start":{"line":92,"column":16},"end":{"line":102,"column":17},"skip":true},"22":{"start":{"line":93,"column":20},"end":{"line":93,"column":86},"skip":true},"23":{"start":{"line":94,"column":20},"end":{"line":95,"column":45},"skip":true},"24":{"start":{"line":96,"column":20},"end":{"line":96,"column":42},"skip":true},"25":{"start":{"line":97,"column":20},"end":{"line":97,"column":48},"skip":true},"26":{"start":{"line":100,"column":20},"end":{"line":100,"column":85},"skip":true},"27":{"start":{"line":101,"column":20},"end":{"line":101,"column":96},"skip":true},"28":{"start":{"line":103,"column":16},"end":{"line":103,"column":22},"skip":true},"29":{"start":{"line":106,"column":16},"end":{"line":106,"column":22},"skip":true},"30":{"start":{"line":108,"column":12},"end":{"line":120,"column":13},"skip":true},"31":{"start":{"line":114,"column":16},"end":{"line":119,"column":17},"skip":true},"32":{"start":{"line":116,"column":20},"end":{"line":116,"column":78},"skip":true},"33":{"start":{"line":118,"column":20},"end":{"line":118,"column":47},"skip":true},"34":{"start":{"line":123,"column":8},"end":{"line":141,"column":11},"skip":true},"35":{"start":{"line":124,"column":12},"end":{"line":124,"column":54},"skip":true},"36":{"start":{"line":125,"column":12},"end":{"line":140,"column":14},"skip":true},"37":{"start":{"line":126,"column":16},"end":{"line":126,"column":28},"skip":true},"38":{"start":{"line":127,"column":16},"end":{"line":127,"column":69},"skip":true},"39":{"start":{"line":128,"column":16},"end":{"line":128,"column":75},"skip":true},"40":{"start":{"line":129,"column":16},"end":{"line":131,"column":17},"skip":true},"41":{"start":{"line":130,"column":20},"end":{"line":130,"column":27},"skip":true},"42":{"start":{"line":133,"column":16},"end":{"line":137,"column":36},"skip":true},"43":{"start":{"line":134,"column":20},"end":{"line":136,"column":55},"skip":true},"44":{"start":{"line":139,"column":16},"end":{"line":139,"column":57},"skip":true},"45":{"start":{"line":143,"column":8},"end":{"line":147,"column":11},"skip":true},"46":{"start":{"line":144,"column":12},"end":{"line":146,"column":15},"skip":true},"47":{"start":{"line":145,"column":16},"end":{"line":145,"column":70},"skip":true},"48":{"start":{"line":149,"column":8},"end":{"line":149,"column":31},"skip":true},"49":{"start":{"line":150,"column":8},"end":{"line":150,"column":14},"skip":true},"50":{"start":{"line":158,"column":8},"end":{"line":158,"column":31},"skip":true},"51":{"start":{"line":160,"column":8},"end":{"line":160,"column":33},"skip":true},"52":{"start":{"line":161,"column":8},"end":{"line":161,"column":37},"skip":true},"53":{"start":{"line":162,"column":8},"end":{"line":162,"column":35},"skip":true},"54":{"start":{"line":164,"column":8},"end":{"line":164,"column":50},"skip":true},"55":{"start":{"line":166,"column":8},"end":{"line":256,"column":2},"skip":true},"56":{"start":{"line":258,"column":8},"end":{"line":286,"column":9},"skip":true},"57":{"start":{"line":259,"column":12},"end":{"line":269,"column":14},"skip":true},"58":{"start":{"line":271,"column":12},"end":{"line":285,"column":19},"skip":true},"59":{"start":{"line":274,"column":20},"end":{"line":274,"column":35},"skip":true},"60":{"start":{"line":275,"column":20},"end":{"line":284,"column":21},"skip":true},"61":{"start":{"line":277,"column":24},"end":{"line":277,"column":64},"skip":true},"62":{"start":{"line":279,"column":24},"end":{"line":279,"column":40},"skip":true},"63":{"start":{"line":281,"column":24},"end":{"line":281,"column":40},"skip":true},"64":{"start":{"line":283,"column":24},"end":{"line":283,"column":39},"skip":true},"65":{"start":{"line":288,"column":8},"end":{"line":290,"column":9},"skip":true},"66":{"start":{"line":289,"column":12},"end":{"line":289,"column":18},"skip":true},"67":{"start":{"line":291,"column":8},"end":{"line":293,"column":54},"skip":true},"68":{"start":{"line":296,"column":8},"end":{"line":301,"column":37},"skip":true},"69":{"start":{"line":303,"column":8},"end":{"line":303,"column":82},"skip":true},"70":{"start":{"line":306,"column":8},"end":{"line":308,"column":9},"skip":true},"71":{"start":{"line":307,"column":12},"end":{"line":307,"column":82},"skip":true},"72":{"start":{"line":310,"column":8},"end":{"line":312,"column":9},"skip":true},"73":{"start":{"line":311,"column":12},"end":{"line":311,"column":18},"skip":true},"74":{"start":{"line":313,"column":8},"end":{"line":313,"column":54},"skip":true},"75":{"start":{"line":314,"column":8},"end":{"line":314,"column":69},"skip":true},"76":{"start":{"line":315,"column":8},"end":{"line":323,"column":36},"skip":true},"77":{"start":{"line":316,"column":12},"end":{"line":316,"column":61},"skip":true},"78":{"start":{"line":317,"column":12},"end":{"line":320,"column":13},"skip":true},"79":{"start":{"line":318,"column":16},"end":{"line":318,"column":75},"skip":true},"80":{"start":{"line":319,"column":16},"end":{"line":319,"column":23},"skip":true},"81":{"start":{"line":321,"column":12},"end":{"line":321,"column":38},"skip":true},"82":{"start":{"line":322,"column":12},"end":{"line":322,"column":27},"skip":true},"83":{"start":{"line":324,"column":8},"end":{"line":324,"column":14},"skip":true}},"branchMap":{"1":{"line":39,"type":"binary-expr","locations":[{"start":{"line":39,"column":23},"end":{"line":39,"column":62}},{"start":{"line":40,"column":20},"end":{"line":40,"column":70}},{"start":{"line":41,"column":20},"end":{"line":41,"column":71}},{"start":{"line":42,"column":20},"end":{"line":42,"column":29}}]},"2":{"line":44,"type":"binary-expr","locations":[{"start":{"line":44,"column":23},"end":{"line":44,"column":37}},{"start":{"line":45,"column":20},"end":{"line":45,"column":61}},{"start":{"line":46,"column":20},"end":{"line":46,"column":70}},{"start":{"line":47,"column":20},"end":{"line":47,"column":26}}]},"3":{"line":51,"type":"cond-expr","locations":[{"start":{"line":52,"column":14},"end":{"line":52,"column":20}},{"start":{"line":53,"column":14},"end":{"line":53,"column":20}}]},"4":{"line":55,"type":"binary-expr","locations":[{"start":{"line":55,"column":16},"end":{"line":55,"column":44}},{"start":{"line":55,"column":49},"end":{"line":57,"column":43}}]},"5":{"line":55,"type":"cond-expr","locations":[{"start":{"line":56,"column":14},"end":{"line":56,"column":50}},{"start":{"line":57,"column":14},"end":{"line":57,"column":43}}]},"6":{"line":61,"type":"switch","locations":[{"start":{"line":68,"column":4},"end":{"line":150,"column":14},"skip":true},{"start":{"line":156,"column":4},"end":{"line":324,"column":14},"skip":true}]},"7":{"line":70,"type":"if","locations":[{"start":{"line":70,"column":12},"end":{"line":70,"column":12},"skip":true},{"start":{"line":70,"column":12},"end":{"line":70,"column":12},"skip":true}]},"8":{"line":70,"type":"binary-expr","locations":[{"start":{"line":70,"column":16},"end":{"line":70,"column":22},"skip":true},{"start":{"line":70,"column":27},"end":{"line":70,"column":32},"skip":true},{"start":{"line":71,"column":20},"end":{"line":71,"column":39},"skip":true},{"start":{"line":72,"column":20},"end":{"line":72,"column":49},"skip":true},{"start":{"line":73,"column":20},"end":{"line":73,"column":58},"skip":true},{"start":{"line":74,"column":20},"end":{"line":74,"column":69},"skip":true}]},"9":{"line":79,"type":"switch","locations":[{"start":{"line":80,"column":20},"end":{"line":80,"column":33},"skip":true},{"start":{"line":81,"column":20},"end":{"line":83,"column":30},"skip":true},{"start":{"line":84,"column":20},"end":{"line":85,"column":49},"skip":true}]},"10":{"line":89,"type":"switch","locations":[{"start":{"line":90,"column":12},"end":{"line":103,"column":22},"skip":true},{"start":{"line":105,"column":12},"end":{"line":106,"column":22},"skip":true}]},"11":{"line":89,"type":"binary-expr","locations":[{"start":{"line":89,"column":20},"end":{"line":89,"column":25},"skip":true},{"start":{"line":89,"column":29},"end":{"line":89,"column":48},"skip":true},{"start":{"line":89,"column":52},"end":{"line":89,"column":74},"skip":true}]},"12":{"line":92,"type":"if","locations":[{"start":{"line":92,"column":16},"end":{"line":92,"column":16},"skip":true},{"start":{"line":92,"column":16},"end":{"line":92,"column":16},"skip":true}]},"13":{"line":108,"type":"if","locations":[{"start":{"line":108,"column":12},"end":{"line":108,"column":12},"skip":true},{"start":{"line":108,"column":12},"end":{"line":108,"column":12},"skip":true}]},"14":{"line":108,"type":"binary-expr","locations":[{"start":{"line":108,"column":16},"end":{"line":108,"column":61},"skip":true},{"start":{"line":108,"column":66},"end":{"line":108,"column":72},"skip":true},{"start":{"line":108,"column":77},"end":{"line":108,"column":82},"skip":true},{"start":{"line":109,"column":20},"end":{"line":109,"column":39},"skip":true},{"start":{"line":110,"column":20},"end":{"line":110,"column":49},"skip":true},{"start":{"line":111,"column":20},"end":{"line":111,"column":58},"skip":true},{"start":{"line":112,"column":20},"end":{"line":112,"column":68},"skip":true}]},"15":{"line":129,"type":"if","locations":[{"start":{"line":129,"column":16},"end":{"line":129,"column":16},"skip":true},{"start":{"line":129,"column":16},"end":{"line":129,"column":16},"skip":true}]},"16":{"line":134,"type":"cond-expr","locations":[{"start":{"line":135,"column":26},"end":{"line":135,"column":29},"skip":true},{"start":{"line":136,"column":26},"end":{"line":136,"column":54},"skip":true}]},"17":{"line":164,"type":"binary-expr","locations":[{"start":{"line":164,"column":27},"end":{"line":164,"column":43},"skip":true},{"start":{"line":164,"column":47},"end":{"line":164,"column":49},"skip":true}]},"18":{"line":258,"type":"if","locations":[{"start":{"line":258,"column":8},"end":{"line":258,"column":8},"skip":true},{"start":{"line":258,"column":8},"end":{"line":258,"column":8},"skip":true}]},"19":{"line":275,"type":"switch","locations":[{"start":{"line":276,"column":20},"end":{"line":277,"column":64},"skip":true},{"start":{"line":278,"column":20},"end":{"line":279,"column":40},"skip":true},{"start":{"line":280,"column":20},"end":{"line":281,"column":40},"skip":true},{"start":{"line":282,"column":20},"end":{"line":283,"column":39},"skip":true}]},"20":{"line":288,"type":"if","locations":[{"start":{"line":288,"column":8},"end":{"line":288,"column":8},"skip":true},{"start":{"line":288,"column":8},"end":{"line":288,"column":8},"skip":true}]},"21":{"line":288,"type":"binary-expr","locations":[{"start":{"line":288,"column":12},"end":{"line":288,"column":40},"skip":true},{"start":{"line":288,"column":44},"end":{"line":288,"column":67},"skip":true}]},"22":{"line":292,"type":"binary-expr","locations":[{"start":{"line":292,"column":12},"end":{"line":292,"column":50},"skip":true},{"start":{"line":293,"column":12},"end":{"line":293,"column":53},"skip":true}]},"23":{"line":297,"type":"binary-expr","locations":[{"start":{"line":297,"column":12},"end":{"line":297,"column":64},"skip":true},{"start":{"line":298,"column":12},"end":{"line":301,"column":36},"skip":true}]},"24":{"line":303,"type":"binary-expr","locations":[{"start":{"line":303,"column":43},"end":{"line":303,"column":75},"skip":true},{"start":{"line":303,"column":79},"end":{"line":303,"column":81},"skip":true}]},"25":{"line":306,"type":"if","locations":[{"start":{"line":306,"column":8},"end":{"line":306,"column":8},"skip":true},{"start":{"line":306,"column":8},"end":{"line":306,"column":8},"skip":true}]},"26":{"line":310,"type":"if","locations":[{"start":{"line":310,"column":8},"end":{"line":310,"column":8},"skip":true},{"start":{"line":310,"column":8},"end":{"line":310,"column":8},"skip":true}]},"27":{"line":313,"type":"binary-expr","locations":[{"start":{"line":313,"column":27},"end":{"line":313,"column":43},"skip":true},{"start":{"line":313,"column":47},"end":{"line":313,"column":53},"skip":true}]},"28":{"line":317,"type":"if","locations":[{"start":{"line":317,"column":12},"end":{"line":317,"column":12},"skip":true},{"start":{"line":317,"column":12},"end":{"line":317,"column":12},"skip":true}]}},"code":["/*","example.js","","quickstart example","","instruction","    1. save this script as example.js","    2. run the shell command:","        $ npm install npmtest-sander && PORT=8081 node example.js","    3. play with the browser-demo on http://127.0.0.1:8081","*/","","","","/* istanbul instrument in package npmtest_sander */","/*jslint","    bitwise: true,","    browser: true,","    maxerr: 8,","    maxlen: 96,","    node: true,","    nomen: true,","    regexp: true,","    stupid: true","*/","(function () {","    'use strict';","    var local;","","","","    // run shared js-env code - init-before","    (function () {","        // init local","        local = {};","        // init modeJs","        local.modeJs = (function () {","            try {","                return typeof navigator.userAgent === 'string' &&","                    typeof document.querySelector('body') === 'object' &&","                    typeof XMLHttpRequest.prototype.open === 'function' &&","                    'browser';","            } catch (errorCaughtBrowser) {","                return module.exports &&","                    typeof process.versions.node === 'string' &&","                    typeof require('http').createServer === 'function' &&","                    'node';","            }","        }());","        // init global","        local.global = local.modeJs === 'browser'","            ? window","            : global;","        // init utility2_rollup","        local = local.global.utility2_rollup || (local.modeJs === 'browser'","            ? local.global.utility2_npmtest_sander","            : global.utility2_moduleExports);","        // export local","        local.global.local = local;","    }());","    switch (local.modeJs) {","","","","    // init-after","    // run browser js-env code - init-after","    /* istanbul ignore next */","    case 'browser':","        local.testRunBrowser = function (event) {","            if (!event || (event &&","                    event.currentTarget &&","                    event.currentTarget.className &&","                    event.currentTarget.className.includes &&","                    event.currentTarget.className.includes('onreset'))) {","                // reset output","                Array.from(","                    document.querySelectorAll('body > .resettable')","                ).forEach(function (element) {","                    switch (element.tagName) {","                    case 'INPUT':","                    case 'TEXTAREA':","                        element.value = '';","                        break;","                    default:","                        element.textContent = '';","                    }","                });","            }","            switch (event && event.currentTarget && event.currentTarget.id) {","            case 'testRunButton1':","                // show tests","                if (document.querySelector('#testReportDiv1').style.display === 'none') {","                    document.querySelector('#testReportDiv1').style.display = 'block';","                    document.querySelector('#testRunButton1').textContent =","                        'hide internal test';","                    local.modeTest = true;","                    local.testRunDefault(local);","                // hide tests","                } else {","                    document.querySelector('#testReportDiv1').style.display = 'none';","                    document.querySelector('#testRunButton1').textContent = 'run internal test';","                }","                break;","            // custom-case","            default:","                break;","            }","            if (document.querySelector('#inputTextareaEval1') && (!event || (event &&","                    event.currentTarget &&","                    event.currentTarget.className &&","                    event.currentTarget.className.includes &&","                    event.currentTarget.className.includes('oneval')))) {","                // try to eval input-code","                try {","                    /*jslint evil: true*/","                    eval(document.querySelector('#inputTextareaEval1').value);","                } catch (errorCaught) {","                    console.error(errorCaught);","                }","            }","        };","        // log stderr and stdout to #outputTextareaStdout1","        ['error', 'log'].forEach(function (key) {","            console[key + '_original'] = console[key];","            console[key] = function () {","                var element;","                console[key + '_original'].apply(console, arguments);","                element = document.querySelector('#outputTextareaStdout1');","                if (!element) {","                    return;","                }","                // append text to #outputTextareaStdout1","                element.value += Array.from(arguments).map(function (arg) {","                    return typeof arg === 'string'","                        ? arg","                        : JSON.stringify(arg, null, 4);","                }).join(' ') + '\\n';","                // scroll textarea to bottom","                element.scrollTop = element.scrollHeight;","            };","        });","        // init event-handling","        ['change', 'click', 'keyup'].forEach(function (event) {","            Array.from(document.querySelectorAll('.on' + event)).forEach(function (element) {","                element.addEventListener(event, local.testRunBrowser);","            });","        });","        // run tests","        local.testRunBrowser();","        break;","","","","    // run node js-env code - init-after","    /* istanbul ignore next */","    case 'node':","        // export local","        module.exports = local;","        // require modules","        local.fs = require('fs');","        local.http = require('http');","        local.url = require('url');","        // init assets","        local.assetsDict = local.assetsDict || {};","        /* jslint-ignore-begin */","        local.assetsDict['/assets.index.template.html'] = '\\","<!doctype html>\\n\\","<html lang=\"en\">\\n\\","<head>\\n\\","<meta charset=\"UTF-8\">\\n\\","<meta name=\"viewport\" content=\"width=device-width, initial-scale=1\">\\n\\","<title>{{env.npm_package_name}} (v{{env.npm_package_version}})</title>\\n\\","<style>\\n\\","/*csslint\\n\\","    box-sizing: false,\\n\\","    universal-selector: false\\n\\","*/\\n\\","* {\\n\\","    box-sizing: border-box;\\n\\","}\\n\\","body {\\n\\","    background: #dde;\\n\\","    font-family: Arial, Helvetica, sans-serif;\\n\\","    margin: 2rem;\\n\\","}\\n\\","body > * {\\n\\","    margin-bottom: 1rem;\\n\\","}\\n\\",".utility2FooterDiv {\\n\\","    margin-top: 20px;\\n\\","    text-align: center;\\n\\","}\\n\\","</style>\\n\\","<style>\\n\\","/*csslint\\n\\","*/\\n\\","textarea {\\n\\","    font-family: monospace;\\n\\","    height: 10rem;\\n\\","    width: 100%;\\n\\","}\\n\\","textarea[readonly] {\\n\\","    background: #ddd;\\n\\","}\\n\\","</style>\\n\\","</head>\\n\\","<body>\\n\\","<!-- utility2-comment\\n\\","<div id=\"ajaxProgressDiv1\" style=\"background: #d00; height: 2px; left: 0; margin: 0; padding: 0; position: fixed; top: 0; transition: background 0.5s, width 1.5s; width: 25%;\"></div>\\n\\","utility2-comment -->\\n\\","<h1>\\n\\","<!-- utility2-comment\\n\\","    <a\\n\\","        {{#if env.npm_package_homepage}}\\n\\","        href=\"{{env.npm_package_homepage}}\"\\n\\","        {{/if env.npm_package_homepage}}\\n\\","        target=\"_blank\"\\n\\","    >\\n\\","utility2-comment -->\\n\\","        {{env.npm_package_name}} (v{{env.npm_package_version}})\\n\\","<!-- utility2-comment\\n\\","    </a>\\n\\","utility2-comment -->\\n\\","</h1>\\n\\","<h3>{{env.npm_package_description}}</h3>\\n\\","<!-- utility2-comment\\n\\","<h4><a download href=\"assets.app.js\">download standalone app</a></h4>\\n\\","<button class=\"onclick onreset\" id=\"testRunButton1\">run internal test</button><br>\\n\\","<div id=\"testReportDiv1\" style=\"display: none;\"></div>\\n\\","utility2-comment -->\\n\\","\\n\\","\\n\\","\\n\\","<label>stderr and stdout</label>\\n\\","<textarea class=\"resettable\" id=\"outputTextareaStdout1\" readonly></textarea>\\n\\","<!-- utility2-comment\\n\\","{{#if isRollup}}\\n\\","<script src=\"assets.app.js\"></script>\\n\\","{{#unless isRollup}}\\n\\","utility2-comment -->\\n\\","<script src=\"assets.utility2.rollup.js\"></script>\\n\\","<script src=\"jsonp.utility2._stateInit?callback=window.utility2._stateInit\"></script>\\n\\","<script src=\"assets.npmtest_sander.rollup.js\"></script>\\n\\","<script src=\"assets.example.js\"></script>\\n\\","<script src=\"assets.test.js\"></script>\\n\\","<!-- utility2-comment\\n\\","{{/if isRollup}}\\n\\","utility2-comment -->\\n\\","<div class=\"utility2FooterDiv\">\\n\\","    [ this app was created with\\n\\","    <a href=\"https://github.com/kaizhu256/node-utility2\" target=\"_blank\">utility2</a>\\n\\","    ]\\n\\","</div>\\n\\","</body>\\n\\","</html>\\n\\","';","        /* jslint-ignore-end */","        if (local.templateRender) {","            local.assetsDict['/'] = local.templateRender(","                local.assetsDict['/assets.index.template.html'],","                {","                    env: local.objectSetDefault(local.env, {","                        npm_package_description: 'the greatest app in the world!',","                        npm_package_name: 'my-app',","                        npm_package_nameAlias: 'my_app',","                        npm_package_version: '0.0.1'","                    })","                }","            );","        } else {","            local.assetsDict['/'] = local.assetsDict['/assets.index.template.html']","                .replace((/\\{\\{env\\.(\\w+?)\\}\\}/g), function (match0, match1) {","                    // jslint-hack","                    String(match0);","                    switch (match1) {","                    case 'npm_package_description':","                        return 'the greatest app in the world!';","                    case 'npm_package_name':","                        return 'my-app';","                    case 'npm_package_nameAlias':","                        return 'my_app';","                    case 'npm_package_version':","                        return '0.0.1';","                    }","                });","        }","        // run the cli","        if (local.global.utility2_rollup || module !== require.main) {","            break;","        }","        local.assetsDict['/assets.example.js'] =","            local.assetsDict['/assets.example.js'] ||","            local.fs.readFileSync(__filename, 'utf8');","        // bug-workaround - long $npm_package_buildCustomOrg","        /* jslint-ignore-begin */","        local.assetsDict['/assets.npmtest_sander.rollup.js'] =","            local.assetsDict['/assets.npmtest_sander.rollup.js'] ||","            local.fs.readFileSync(","                local.npmtest_sander.__dirname + '/lib.npmtest_sander.js',","                'utf8'","            ).replace((/^#!/), '//');","        /* jslint-ignore-end */","        local.assetsDict['/favicon.ico'] = local.assetsDict['/favicon.ico'] || '';","        // if $npm_config_timeout_exit exists,","        // then exit this process after $npm_config_timeout_exit ms","        if (Number(process.env.npm_config_timeout_exit)) {","            setTimeout(process.exit, Number(process.env.npm_config_timeout_exit));","        }","        // start server","        if (local.global.utility2_serverHttp1) {","            break;","        }","        process.env.PORT = process.env.PORT || '8081';","        console.error('server starting on port ' + process.env.PORT);","        local.http.createServer(function (request, response) {","            request.urlParsed = local.url.parse(request.url);","            if (local.assetsDict[request.urlParsed.pathname] !== undefined) {","                response.end(local.assetsDict[request.urlParsed.pathname]);","                return;","            }","            response.statusCode = 404;","            response.end();","        }).listen(process.env.PORT);","        break;","    }","}());",""],"l":{"26":2,"28":2,"33":2,"35":2,"37":2,"38":2,"39":2,"44":1,"51":2,"55":2,"59":2,"61":2,"69":1,"70":2,"76":2,"79":2,"82":2,"83":2,"85":1,"89":2,"92":1,"93":1,"94":1,"96":1,"97":1,"100":1,"101":1,"103":1,"106":1,"108":2,"114":1,"116":1,"118":1,"123":1,"124":2,"125":2,"126":3,"127":3,"128":3,"129":3,"130":1,"133":3,"134":3,"139":3,"143":1,"144":3,"145":1,"149":1,"150":1,"158":1,"160":1,"161":1,"162":1,"164":1,"166":1,"258":1,"259":1,"271":1,"274":6,"275":6,"277":1,"279":2,"281":1,"283":2,"288":1,"289":1,"291":1,"296":1,"303":1,"306":1,"307":1,"310":1,"311":1,"313":1,"314":1,"315":1,"316":1,"317":1,"318":1,"319":1,"321":1,"322":1,"324":1}},"/home/travis/build/npmtest/node-npmtest-sander/node_modules/sander/dist/sander.cjs.js":{"path":"/home/travis/build/npmtest/node-npmtest-sander/node_modules/sander/dist/sander.cjs.js","s":{"1":1,"2":1,"3":2,"4":1,"5":1,"6":1,"7":1,"8":1,"9":1,"10":0,"11":1,"12":0,"13":0,"14":0,"15":0,"16":0,"17":0,"18":0,"19":0,"20":0,"21":0,"22":0,"23":0,"24":1,"25":17,"26":0,"27":0,"28":0,"29":0,"30":0,"31":0,"32":0,"33":1,"34":14,"35":0,"36":0,"37":1,"38":8,"39":0,"40":0,"41":0,"42":0,"43":0,"44":0,"45":0,"46":0,"47":0,"48":0,"49":0,"50":1,"51":0,"52":0,"53":0,"54":0,"55":0,"56":0,"57":0,"58":0,"59":0,"60":0,"61":0,"62":0,"63":1,"64":0,"65":0,"66":0,"67":0,"68":1,"69":0,"70":0,"71":0,"72":0,"73":0,"74":1,"75":0,"76":0,"77":0,"78":0,"79":1,"80":0,"81":1,"82":1,"83":1,"84":1,"85":1,"86":2,"87":0,"88":0,"89":0,"90":0,"91":0,"92":0,"93":0,"94":0,"95":0,"96":0,"97":0,"98":1,"99":2,"100":0,"101":0,"102":0,"103":0,"104":0,"105":1,"106":0,"107":0,"108":0,"109":0,"110":0,"111":0,"112":1,"113":0,"114":0,"115":1,"116":0,"117":0,"118":0,"119":0,"120":0,"121":0,"122":0,"123":0,"124":0,"125":0,"126":0,"127":0,"128":0,"129":0,"130":0,"131":1,"132":0,"133":0,"134":0,"135":0,"136":0,"137":0,"138":0,"139":0,"140":1,"141":0,"142":0,"143":0,"144":0,"145":0,"146":0,"147":0,"148":1,"149":0,"150":0,"151":0,"152":0,"153":0,"154":0,"155":0,"156":0,"157":0,"158":0,"159":1,"160":0,"161":0,"162":0,"163":0,"164":0,"165":0,"166":0,"167":0,"168":0,"169":1,"170":0,"171":0,"172":0,"173":0,"174":0,"175":0,"176":0,"177":0,"178":0,"179":0,"180":0,"181":0,"182":0,"183":1,"184":0,"185":0,"186":0,"187":0,"188":0,"189":0,"190":0,"191":1,"192":1,"193":1,"194":1,"195":1,"196":0,"197":0,"198":0,"199":0,"200":0,"201":1,"202":2,"203":0,"204":0,"205":0,"206":0,"207":0,"208":0,"209":0,"210":0,"211":0,"212":0,"213":0,"214":0,"215":1,"216":2,"217":0,"218":0,"219":0,"220":0,"221":0,"222":1,"223":0,"224":0,"225":0,"226":0,"227":0,"228":0,"229":0,"230":1,"231":0,"232":0,"233":0,"234":0,"235":0,"236":0,"237":0,"238":0,"239":0,"240":1,"241":0,"242":0,"243":0,"244":0,"245":0,"246":0,"247":0,"248":0,"249":0,"250":0,"251":0,"252":0,"253":0,"254":0,"255":0,"256":0,"257":0,"258":0,"259":0,"260":0,"261":0,"262":0,"263":1,"264":0,"265":0,"266":0,"267":0,"268":0,"269":0,"270":0,"271":1,"272":0,"273":0,"274":0,"275":0,"276":0,"277":0,"278":0,"279":0,"280":0,"281":1,"282":0,"283":0,"284":0,"285":0,"286":0,"287":0,"288":0,"289":0,"290":0,"291":0,"292":0,"293":0,"294":0,"295":0,"296":0,"297":0,"298":0,"299":1,"300":0,"301":0,"302":0,"303":0,"304":0,"305":0,"306":0,"307":0,"308":0,"309":0,"310":1,"311":0,"312":0,"313":0,"314":0,"315":0,"316":0,"317":0,"318":0,"319":0,"320":0,"321":0,"322":0,"323":0,"324":0,"325":0,"326":0,"327":0,"328":0,"329":1,"330":0,"331":0,"332":0,"333":0,"334":0,"335":0,"336":0,"337":0,"338":0,"339":0,"340":1,"341":0,"342":0,"343":1,"344":0,"345":0,"346":0,"347":0,"348":0,"349":0,"350":0,"351":1,"352":0,"353":0,"354":0,"355":0,"356":0,"357":0,"358":1,"359":0,"360":1,"361":1,"362":0,"363":0,"364":0,"365":0,"366":0,"367":0,"368":0,"369":0,"370":0,"371":0,"372":0,"373":0,"374":1,"375":0,"376":0,"377":0,"378":0,"379":0,"380":0,"381":1,"382":1,"383":1,"384":1,"385":1,"386":1,"387":1,"388":1,"389":1,"390":1,"391":1,"392":1,"393":1,"394":1,"395":1,"396":1,"397":1,"398":1,"399":1,"400":1,"401":1,"402":1,"403":1,"404":1,"405":1,"406":1,"407":1,"408":1,"409":1,"410":1,"411":1,"412":1,"413":1,"414":1,"415":1,"416":1,"417":1,"418":1,"419":1,"420":1,"421":1,"422":1,"423":1,"424":1,"425":1,"426":1,"427":1,"428":1,"429":1,"430":1,"431":1,"432":1,"433":1,"434":1,"435":1,"436":1,"437":1,"438":1,"439":1,"440":1,"441":1,"442":1,"443":1,"444":1,"445":1,"446":1,"447":1,"448":1,"449":1,"450":1,"451":1,"452":1,"453":1,"454":1,"455":1,"456":1,"457":1,"458":1,"459":1,"460":1,"461":1,"462":1,"463":1,"464":1,"465":1,"466":1,"467":1,"468":1,"469":1,"470":1,"471":1,"472":1,"473":1,"474":1,"475":1,"476":1,"477":1,"478":1,"479":1,"480":1,"481":1,"482":1,"483":1,"484":1,"485":1,"486":1,"487":1,"488":1,"489":1,"490":1,"491":1,"492":1,"493":1,"494":1,"495":1,"496":1,"497":1,"498":1,"499":1,"500":1,"501":1,"502":1},"b":{"1":[0,2],"2":[2,2,0],"3":[0,0],"4":[0,0],"5":[0,0],"6":[0,0],"7":[0,0],"8":[0,0],"9":[0,0],"10":[0,0],"11":[0,0],"12":[0,0],"13":[0,0],"14":[0,0],"15":[0,0],"16":[0,0],"17":[0,0],"18":[0,0],"19":[0,0],"20":[0,0],"21":[0,0],"22":[0,0],"23":[0,0],"24":[0,0],"25":[0,0],"26":[0,0],"27":[0,0],"28":[0,0],"29":[0,0],"30":[0,0],"31":[0,0],"32":[0,0],"33":[0,0],"34":[0,0],"35":[0,0],"36":[0,0],"37":[0,0],"38":[0,0],"39":[0,0],"40":[0,0],"41":[0,0],"42":[0,0],"43":[0,0],"44":[0,0],"45":[0,0],"46":[0,0],"47":[0,0]},"f":{"1":2,"2":0,"3":0,"4":17,"5":0,"6":0,"7":0,"8":14,"9":0,"10":8,"11":0,"12":0,"13":0,"14":0,"15":0,"16":0,"17":0,"18":0,"19":0,"20":0,"21":2,"22":0,"23":0,"24":0,"25":0,"26":0,"27":2,"28":0,"29":0,"30":0,"31":0,"32":0,"33":0,"34":0,"35":0,"36":0,"37":0,"38":0,"39":0,"40":0,"41":0,"42":0,"43":0,"44":0,"45":0,"46":0,"47":0,"48":0,"49":0,"50":2,"51":0,"52":0,"53":0,"54":0,"55":2,"56":0,"57":0,"58":0,"59":0,"60":0,"61":0,"62":0,"63":0,"64":0,"65":0,"66":0,"67":0,"68":0,"69":0,"70":0,"71":0,"72":0,"73":0,"74":0,"75":0,"76":0,"77":0,"78":0,"79":0,"80":0,"81":0,"82":0,"83":0,"84":0,"85":0,"86":0,"87":0,"88":0,"89":0,"90":0,"91":0,"92":0,"93":0,"94":0,"95":0,"96":0},"fnMap":{"1":{"name":"_interopDefault","line":5,"loc":{"start":{"line":5,"column":0},"end":{"line":5,"column":30}}},"2":{"name":"resolvePath","line":13,"loc":{"start":{"line":13,"column":0},"end":{"line":13,"column":30}}},"3":{"name":"normaliseArguments","line":17,"loc":{"start":{"line":17,"column":0},"end":{"line":17,"column":37}}},"4":{"name":"asyncMethod","line":39,"loc":{"start":{"line":39,"column":0},"end":{"line":39,"column":36}}},"5":{"name":"(anonymous_5)","line":40,"loc":{"start":{"line":40,"column":8},"end":{"line":40,"column":20}}},"6":{"name":"(anonymous_6)","line":43,"loc":{"start":{"line":43,"column":22},"end":{"line":43,"column":50}}},"7":{"name":"(anonymous_7)","line":44,"loc":{"start":{"line":44,"column":14},"end":{"line":44,"column":39}}},"8":{"name":"syncMethod","line":57,"loc":{"start":{"line":57,"column":0},"end":{"line":57,"column":35}}},"9":{"name":"(anonymous_9)","line":58,"loc":{"start":{"line":58,"column":8},"end":{"line":58,"column":20}}},"10":{"name":"asyncFileDescriptorMethod","line":64,"loc":{"start":{"line":64,"column":0},"end":{"line":64,"column":50}}},"11":{"name":"(anonymous_11)","line":65,"loc":{"start":{"line":65,"column":8},"end":{"line":65,"column":20}}},"12":{"name":"(anonymous_12)","line":75,"loc":{"start":{"line":75,"column":22},"end":{"line":75,"column":50}}},"13":{"name":"(anonymous_13)","line":76,"loc":{"start":{"line":76,"column":14},"end":{"line":76,"column":39}}},"14":{"name":"resolvePathAndOptions","line":89,"loc":{"start":{"line":89,"column":0},"end":{"line":89,"column":40}}},"15":{"name":"createReadStream$1","line":112,"loc":{"start":{"line":112,"column":0},"end":{"line":112,"column":31}}},"16":{"name":"createWriteStream$1","line":119,"loc":{"start":{"line":119,"column":0},"end":{"line":119,"column":32}}},"17":{"name":"exists$1","line":128,"loc":{"start":{"line":128,"column":0},"end":{"line":128,"column":21}}},"18":{"name":"(anonymous_18)","line":131,"loc":{"start":{"line":131,"column":21},"end":{"line":131,"column":39}}},"19":{"name":"(anonymous_19)","line":132,"loc":{"start":{"line":132,"column":21},"end":{"line":132,"column":42}}},"20":{"name":"existsSync$1","line":136,"loc":{"start":{"line":136,"column":0},"end":{"line":136,"column":25}}},"21":{"name":"asyncMethod$1","line":146,"loc":{"start":{"line":146,"column":0},"end":{"line":146,"column":38}}},"22":{"name":"(anonymous_22)","line":147,"loc":{"start":{"line":147,"column":8},"end":{"line":147,"column":20}}},"23":{"name":"to","line":151,"loc":{"start":{"line":151,"column":7},"end":{"line":151,"column":22}}},"24":{"name":"(anonymous_24)","line":154,"loc":{"start":{"line":154,"column":24},"end":{"line":154,"column":52}}},"25":{"name":"(anonymous_25)","line":155,"loc":{"start":{"line":155,"column":35},"end":{"line":155,"column":50}}},"26":{"name":"(anonymous_26)","line":159,"loc":{"start":{"line":159,"column":36},"end":{"line":159,"column":51}}},"27":{"name":"syncMethod$1","line":174,"loc":{"start":{"line":174,"column":0},"end":{"line":174,"column":37}}},"28":{"name":"(anonymous_28)","line":175,"loc":{"start":{"line":175,"column":8},"end":{"line":175,"column":20}}},"29":{"name":"to","line":179,"loc":{"start":{"line":179,"column":7},"end":{"line":179,"column":22}}},"30":{"name":"mkdir","line":189,"loc":{"start":{"line":189,"column":0},"end":{"line":189,"column":18}}},"31":{"name":"(anonymous_31)","line":192,"loc":{"start":{"line":192,"column":21},"end":{"line":192,"column":49}}},"32":{"name":"(anonymous_32)","line":193,"loc":{"start":{"line":193,"column":15},"end":{"line":193,"column":30}}},"33":{"name":"mkdirSync","line":203,"loc":{"start":{"line":203,"column":0},"end":{"line":203,"column":22}}},"34":{"name":"normaliseArguments$1","line":208,"loc":{"start":{"line":208,"column":0},"end":{"line":208,"column":39}}},"35":{"name":"bailIfExists","line":233,"loc":{"start":{"line":233,"column":0},"end":{"line":233,"column":43}}},"36":{"name":"open$1","line":252,"loc":{"start":{"line":252,"column":0},"end":{"line":252,"column":19}}},"37":{"name":"(anonymous_37)","line":262,"loc":{"start":{"line":262,"column":21},"end":{"line":262,"column":49}}},"38":{"name":"open$$1","line":263,"loc":{"start":{"line":263,"column":2},"end":{"line":263,"column":22}}},"39":{"name":"(anonymous_39)","line":264,"loc":{"start":{"line":264,"column":38},"end":{"line":264,"column":59}}},"40":{"name":"(anonymous_40)","line":275,"loc":{"start":{"line":275,"column":32},"end":{"line":275,"column":47}}},"41":{"name":"openSync$1","line":289,"loc":{"start":{"line":289,"column":0},"end":{"line":289,"column":23}}},"42":{"name":"symlink$1","line":307,"loc":{"start":{"line":307,"column":0},"end":{"line":307,"column":22}}},"43":{"name":"to","line":311,"loc":{"start":{"line":311,"column":6},"end":{"line":311,"column":21}}},"44":{"name":"(anonymous_44)","line":316,"loc":{"start":{"line":316,"column":23},"end":{"line":316,"column":51}}},"45":{"name":"(anonymous_45)","line":317,"loc":{"start":{"line":317,"column":34},"end":{"line":317,"column":49}}},"46":{"name":"(anonymous_46)","line":321,"loc":{"start":{"line":321,"column":43},"end":{"line":321,"column":58}}},"47":{"name":"symlinkSync$1","line":335,"loc":{"start":{"line":335,"column":0},"end":{"line":335,"column":26}}},"48":{"name":"to","line":339,"loc":{"start":{"line":339,"column":6},"end":{"line":339,"column":21}}},"49":{"name":"normaliseArguments$2","line":355,"loc":{"start":{"line":355,"column":0},"end":{"line":355,"column":39}}},"50":{"name":"asyncMethod$2","line":366,"loc":{"start":{"line":366,"column":0},"end":{"line":366,"column":38}}},"51":{"name":"(anonymous_51)","line":367,"loc":{"start":{"line":367,"column":8},"end":{"line":367,"column":20}}},"52":{"name":"(anonymous_52)","line":373,"loc":{"start":{"line":373,"column":22},"end":{"line":373,"column":50}}},"53":{"name":"(anonymous_53)","line":374,"loc":{"start":{"line":374,"column":33},"end":{"line":374,"column":48}}},"54":{"name":"(anonymous_54)","line":378,"loc":{"start":{"line":378,"column":41},"end":{"line":378,"column":56}}},"55":{"name":"syncMethod$2","line":391,"loc":{"start":{"line":391,"column":0},"end":{"line":391,"column":37}}},"56":{"name":"(anonymous_56)","line":392,"loc":{"start":{"line":392,"column":8},"end":{"line":392,"column":20}}},"57":{"name":"copydir","line":402,"loc":{"start":{"line":402,"column":0},"end":{"line":402,"column":20}}},"58":{"name":"to","line":408,"loc":{"start":{"line":408,"column":6},"end":{"line":408,"column":21}}},"59":{"name":"copydir","line":413,"loc":{"start":{"line":413,"column":3},"end":{"line":413,"column":38}}},"60":{"name":"(anonymous_60)","line":414,"loc":{"start":{"line":414,"column":18},"end":{"line":414,"column":33}}},"61":{"name":"(anonymous_61)","line":417,"loc":{"start":{"line":417,"column":22},"end":{"line":417,"column":46}}},"62":{"name":"check","line":424,"loc":{"start":{"line":424,"column":6},"end":{"line":424,"column":29}}},"63":{"name":"(anonymous_63)","line":434,"loc":{"start":{"line":434,"column":21},"end":{"line":434,"column":43}}},"64":{"name":"(anonymous_64)","line":438,"loc":{"start":{"line":438,"column":25},"end":{"line":438,"column":49}}},"65":{"name":"(anonymous_65)","line":460,"loc":{"start":{"line":460,"column":23},"end":{"line":460,"column":51}}},"66":{"name":"(anonymous_66)","line":461,"loc":{"start":{"line":461,"column":24},"end":{"line":461,"column":39}}},"67":{"name":"copydirSync","line":473,"loc":{"start":{"line":473,"column":0},"end":{"line":473,"column":24}}},"68":{"name":"to","line":479,"loc":{"start":{"line":479,"column":6},"end":{"line":479,"column":21}}},"69":{"name":"copydir","line":484,"loc":{"start":{"line":484,"column":3},"end":{"line":484,"column":34}}},"70":{"name":"(anonymous_70)","line":487,"loc":{"start":{"line":487,"column":35},"end":{"line":487,"column":55}}},"71":{"name":"copyFile","line":505,"loc":{"start":{"line":505,"column":0},"end":{"line":505,"column":21}}},"72":{"name":"to","line":511,"loc":{"start":{"line":511,"column":6},"end":{"line":511,"column":21}}},"73":{"name":"(anonymous_73)","line":516,"loc":{"start":{"line":516,"column":23},"end":{"line":516,"column":51}}},"74":{"name":"(anonymous_74)","line":517,"loc":{"start":{"line":517,"column":34},"end":{"line":517,"column":49}}},"75":{"name":"copyFileSync","line":537,"loc":{"start":{"line":537,"column":0},"end":{"line":537,"column":25}}},"76":{"name":"to","line":543,"loc":{"start":{"line":543,"column":6},"end":{"line":543,"column":21}}},"77":{"name":"walk","line":556,"loc":{"start":{"line":556,"column":0},"end":{"line":556,"column":32}}},"78":{"name":"(anonymous_78)","line":559,"loc":{"start":{"line":559,"column":20},"end":{"line":559,"column":44}}},"79":{"name":"(anonymous_79)","line":565,"loc":{"start":{"line":565,"column":17},"end":{"line":565,"column":33}}},"80":{"name":"(anonymous_80)","line":568,"loc":{"start":{"line":568,"column":20},"end":{"line":568,"column":44}}},"81":{"name":"(anonymous_81)","line":570,"loc":{"start":{"line":570,"column":17},"end":{"line":570,"column":39}}},"82":{"name":"lsr","line":583,"loc":{"start":{"line":583,"column":0},"end":{"line":583,"column":16}}},"83":{"name":"(anonymous_83)","line":586,"loc":{"start":{"line":586,"column":21},"end":{"line":586,"column":49}}},"84":{"name":"(anonymous_84)","line":587,"loc":{"start":{"line":587,"column":17},"end":{"line":587,"column":42}}},"85":{"name":"lsrSync","line":602,"loc":{"start":{"line":602,"column":0},"end":{"line":602,"column":20}}},"86":{"name":"processdir","line":607,"loc":{"start":{"line":607,"column":1},"end":{"line":607,"column":29}}},"87":{"name":"(anonymous_87)","line":608,"loc":{"start":{"line":608,"column":35},"end":{"line":608,"column":51}}},"88":{"name":"rimraf","line":623,"loc":{"start":{"line":623,"column":0},"end":{"line":623,"column":19}}},"89":{"name":"(anonymous_89)","line":626,"loc":{"start":{"line":626,"column":21},"end":{"line":626,"column":49}}},"90":{"name":"(anonymous_90)","line":627,"loc":{"start":{"line":627,"column":19},"end":{"line":627,"column":34}}},"91":{"name":"rimrafSync","line":637,"loc":{"start":{"line":637,"column":0},"end":{"line":637,"column":23}}},"92":{"name":"symlinkOrCopy$$1","line":643,"loc":{"start":{"line":643,"column":0},"end":{"line":643,"column":29}}},"93":{"name":"(anonymous_93)","line":652,"loc":{"start":{"line":652,"column":10},"end":{"line":652,"column":27}}},"94":{"name":"to","line":659,"loc":{"start":{"line":659,"column":7},"end":{"line":659,"column":22}}},"95":{"name":"(anonymous_95)","line":663,"loc":{"start":{"line":663,"column":11},"end":{"line":663,"column":25}}},"96":{"name":"symlinkOrCopySync$$1","line":673,"loc":{"start":{"line":673,"column":0},"end":{"line":673,"column":33}}}},"statementMap":{"1":{"start":{"line":3,"column":0},"end":{"line":3,"column":62}},"2":{"start":{"line":5,"column":0},"end":{"line":5,"column":114}},"3":{"start":{"line":5,"column":32},"end":{"line":5,"column":112}},"4":{"start":{"line":7,"column":0},"end":{"line":7,"column":32}},"5":{"start":{"line":8,"column":0},"end":{"line":8,"column":27}},"6":{"start":{"line":9,"column":0},"end":{"line":9,"column":48}},"7":{"start":{"line":10,"column":0},"end":{"line":10,"column":25}},"8":{"start":{"line":11,"column":0},"end":{"line":11,"column":49}},"9":{"start":{"line":13,"column":0},"end":{"line":15,"column":1}},"10":{"start":{"line":14,"column":1},"end":{"line":14,"column":41}},"11":{"start":{"line":17,"column":0},"end":{"line":37,"column":1}},"12":{"start":{"line":18,"column":1},"end":{"line":18,"column":23}},"13":{"start":{"line":20,"column":1},"end":{"line":20,"column":25}},"14":{"start":{"line":21,"column":1},"end":{"line":21,"column":19}},"15":{"start":{"line":22,"column":1},"end":{"line":22,"column":27}},"16":{"start":{"line":23,"column":1},"end":{"line":23,"column":7}},"17":{"start":{"line":25,"column":1},"end":{"line":32,"column":2}},"18":{"start":{"line":26,"column":2},"end":{"line":31,"column":3}},"19":{"start":{"line":27,"column":3},"end":{"line":27,"column":25}},"20":{"start":{"line":29,"column":3},"end":{"line":29,"column":24}},"21":{"start":{"line":30,"column":3},"end":{"line":30,"column":30}},"22":{"start":{"line":34,"column":1},"end":{"line":34,"column":41}},"23":{"start":{"line":36,"column":1},"end":{"line":36,"column":19}},"24":{"start":{"line":39,"column":0},"end":{"line":55,"column":1}},"25":{"start":{"line":40,"column":1},"end":{"line":54,"column":3}},"26":{"start":{"line":41,"column":2},"end":{"line":41,"column":45}},"27":{"start":{"line":43,"column":2},"end":{"line":53,"column":5}},"28":{"start":{"line":44,"column":3},"end":{"line":50,"column":6}},"29":{"start":{"line":45,"column":4},"end":{"line":49,"column":5}},"30":{"start":{"line":46,"column":5},"end":{"line":46,"column":19}},"31":{"start":{"line":48,"column":5},"end":{"line":48,"column":22}},"32":{"start":{"line":52,"column":3},"end":{"line":52,"column":38}},"33":{"start":{"line":57,"column":0},"end":{"line":62,"column":1}},"34":{"start":{"line":58,"column":1},"end":{"line":61,"column":3}},"35":{"start":{"line":59,"column":2},"end":{"line":59,"column":45}},"36":{"start":{"line":60,"column":2},"end":{"line":60,"column":44}},"37":{"start":{"line":64,"column":0},"end":{"line":87,"column":1}},"38":{"start":{"line":65,"column":1},"end":{"line":86,"column":3}},"39":{"start":{"line":66,"column":2},"end":{"line":66,"column":30}},"40":{"start":{"line":68,"column":2},"end":{"line":68,"column":16}},"41":{"start":{"line":69,"column":2},"end":{"line":69,"column":27}},"42":{"start":{"line":71,"column":2},"end":{"line":73,"column":3}},"43":{"start":{"line":72,"column":3},"end":{"line":72,"column":28}},"44":{"start":{"line":75,"column":2},"end":{"line":85,"column":5}},"45":{"start":{"line":76,"column":3},"end":{"line":82,"column":6}},"46":{"start":{"line":77,"column":4},"end":{"line":81,"column":5}},"47":{"start":{"line":78,"column":5},"end":{"line":78,"column":19}},"48":{"start":{"line":80,"column":5},"end":{"line":80,"column":22}},"49":{"start":{"line":84,"column":3},"end":{"line":84,"column":38}},"50":{"start":{"line":89,"column":0},"end":{"line":110,"column":1}},"51":{"start":{"line":90,"column":1},"end":{"line":90,"column":13}},"52":{"start":{"line":91,"column":1},"end":{"line":91,"column":14}},"53":{"start":{"line":93,"column":1},"end":{"line":105,"column":2}},"54":{"start":{"line":94,"column":2},"end":{"line":94,"column":36}},"55":{"start":{"line":96,"column":2},"end":{"line":96,"column":26}},"56":{"start":{"line":97,"column":2},"end":{"line":97,"column":28}},"57":{"start":{"line":99,"column":2},"end":{"line":101,"column":3}},"58":{"start":{"line":100,"column":3},"end":{"line":100,"column":25}},"59":{"start":{"line":103,"column":2},"end":{"line":103,"column":15}},"60":{"start":{"line":104,"column":2},"end":{"line":104,"column":18}},"61":{"start":{"line":107,"column":1},"end":{"line":107,"column":57}},"62":{"start":{"line":109,"column":1},"end":{"line":109,"column":57}},"63":{"start":{"line":112,"column":0},"end":{"line":117,"column":1}},"64":{"start":{"line":113,"column":1},"end":{"line":113,"column":46}},"65":{"start":{"line":114,"column":1},"end":{"line":114,"column":37}},"66":{"start":{"line":115,"column":1},"end":{"line":115,"column":27}},"67":{"start":{"line":116,"column":1},"end":{"line":116,"column":53}},"68":{"start":{"line":119,"column":0},"end":{"line":126,"column":1}},"69":{"start":{"line":120,"column":1},"end":{"line":120,"column":46}},"70":{"start":{"line":121,"column":1},"end":{"line":121,"column":37}},"71":{"start":{"line":122,"column":1},"end":{"line":122,"column":27}},"72":{"start":{"line":124,"column":1},"end":{"line":124,"column":45}},"73":{"start":{"line":125,"column":1},"end":{"line":125,"column":54}},"74":{"start":{"line":128,"column":0},"end":{"line":134,"column":1}},"75":{"start":{"line":129,"column":1},"end":{"line":129,"column":39}},"76":{"start":{"line":131,"column":1},"end":{"line":133,"column":4}},"77":{"start":{"line":132,"column":2},"end":{"line":132,"column":76}},"78":{"start":{"line":132,"column":44},"end":{"line":132,"column":71}},"79":{"start":{"line":136,"column":0},"end":{"line":138,"column":1}},"80":{"start":{"line":137,"column":1},"end":{"line":137,"column":50}},"81":{"start":{"line":140,"column":0},"end":{"line":140,"column":39}},"82":{"start":{"line":141,"column":0},"end":{"line":141,"column":35}},"83":{"start":{"line":143,"column":0},"end":{"line":143,"column":46}},"84":{"start":{"line":144,"column":0},"end":{"line":144,"column":42}},"85":{"start":{"line":146,"column":0},"end":{"line":172,"column":1}},"86":{"start":{"line":147,"column":1},"end":{"line":171,"column":3}},"87":{"start":{"line":148,"column":2},"end":{"line":148,"column":37}},"88":{"start":{"line":150,"column":2},"end":{"line":170,"column":4}},"89":{"start":{"line":152,"column":4},"end":{"line":152,"column":40}},"90":{"start":{"line":154,"column":4},"end":{"line":168,"column":7}},"91":{"start":{"line":155,"column":5},"end":{"line":167,"column":8}},"92":{"start":{"line":156,"column":6},"end":{"line":166,"column":7}},"93":{"start":{"line":157,"column":7},"end":{"line":157,"column":21}},"94":{"start":{"line":159,"column":7},"end":{"line":165,"column":10}},"95":{"start":{"line":160,"column":8},"end":{"line":164,"column":9}},"96":{"start":{"line":161,"column":9},"end":{"line":161,"column":23}},"97":{"start":{"line":163,"column":9},"end":{"line":163,"column":18}},"98":{"start":{"line":174,"column":0},"end":{"line":187,"column":1}},"99":{"start":{"line":175,"column":1},"end":{"line":186,"column":3}},"100":{"start":{"line":176,"column":2},"end":{"line":176,"column":37}},"101":{"start":{"line":178,"column":2},"end":{"line":185,"column":4}},"102":{"start":{"line":180,"column":4},"end":{"line":180,"column":40}},"103":{"start":{"line":182,"column":4},"end":{"line":182,"column":40}},"104":{"start":{"line":183,"column":4},"end":{"line":183,"column":41}},"105":{"start":{"line":189,"column":0},"end":{"line":201,"column":1}},"106":{"start":{"line":190,"column":1},"end":{"line":190,"column":36}},"107":{"start":{"line":192,"column":1},"end":{"line":200,"column":4}},"108":{"start":{"line":193,"column":2},"end":{"line":199,"column":5}},"109":{"start":{"line":194,"column":3},"end":{"line":198,"column":4}},"110":{"start":{"line":195,"column":4},"end":{"line":195,"column":18}},"111":{"start":{"line":197,"column":4},"end":{"line":197,"column":13}},"112":{"start":{"line":203,"column":0},"end":{"line":206,"column":1}},"113":{"start":{"line":204,"column":1},"end":{"line":204,"column":36}},"114":{"start":{"line":205,"column":1},"end":{"line":205,"column":20}},"115":{"start":{"line":208,"column":0},"end":{"line":231,"column":1}},"116":{"start":{"line":209,"column":1},"end":{"line":209,"column":13}},"117":{"start":{"line":210,"column":1},"end":{"line":210,"column":11}},"118":{"start":{"line":211,"column":1},"end":{"line":211,"column":7}},"119":{"start":{"line":213,"column":1},"end":{"line":221,"column":2}},"120":{"start":{"line":214,"column":2},"end":{"line":214,"column":36}},"121":{"start":{"line":215,"column":2},"end":{"line":215,"column":34}},"122":{"start":{"line":216,"column":2},"end":{"line":216,"column":22}},"123":{"start":{"line":218,"column":2},"end":{"line":218,"column":15}},"124":{"start":{"line":219,"column":2},"end":{"line":219,"column":34}},"125":{"start":{"line":220,"column":2},"end":{"line":220,"column":22}},"126":{"start":{"line":223,"column":1},"end":{"line":223,"column":31}},"127":{"start":{"line":224,"column":1},"end":{"line":226,"column":2}},"128":{"start":{"line":225,"column":2},"end":{"line":225,"column":24}},"129":{"start":{"line":228,"column":1},"end":{"line":228,"column":44}},"130":{"start":{"line":230,"column":1},"end":{"line":230,"column":71}},"131":{"start":{"line":233,"column":0},"end":{"line":250,"column":1}},"132":{"start":{"line":234,"column":1},"end":{"line":234,"column":19}},"133":{"start":{"line":236,"column":1},"end":{"line":243,"column":2}},"134":{"start":{"line":237,"column":2},"end":{"line":237,"column":21}},"135":{"start":{"line":238,"column":2},"end":{"line":238,"column":23}},"136":{"start":{"line":240,"column":2},"end":{"line":242,"column":3}},"137":{"start":{"line":241,"column":3},"end":{"line":241,"column":13}},"138":{"start":{"line":245,"column":1},"end":{"line":249,"column":2}},"139":{"start":{"line":248,"column":2},"end":{"line":248,"column":34}},"140":{"start":{"line":252,"column":0},"end":{"line":286,"column":1}},"141":{"start":{"line":253,"column":1},"end":{"line":253,"column":45}},"142":{"start":{"line":254,"column":1},"end":{"line":254,"column":28}},"143":{"start":{"line":255,"column":1},"end":{"line":255,"column":27}},"144":{"start":{"line":256,"column":1},"end":{"line":256,"column":23}},"145":{"start":{"line":258,"column":1},"end":{"line":260,"column":2}},"146":{"start":{"line":259,"column":2},"end":{"line":259,"column":43}},"147":{"start":{"line":262,"column":1},"end":{"line":285,"column":4}},"148":{"start":{"line":263,"column":2},"end":{"line":271,"column":3}},"149":{"start":{"line":264,"column":3},"end":{"line":270,"column":6}},"150":{"start":{"line":265,"column":4},"end":{"line":269,"column":5}},"151":{"start":{"line":266,"column":5},"end":{"line":266,"column":19}},"152":{"start":{"line":268,"column":5},"end":{"line":268,"column":18}},"153":{"start":{"line":274,"column":2},"end":{"line":284,"column":3}},"154":{"start":{"line":275,"column":3},"end":{"line":281,"column":6}},"155":{"start":{"line":276,"column":4},"end":{"line":280,"column":5}},"156":{"start":{"line":277,"column":5},"end":{"line":277,"column":19}},"157":{"start":{"line":279,"column":5},"end":{"line":279,"column":15}},"158":{"start":{"line":283,"column":3},"end":{"line":283,"column":13}},"159":{"start":{"line":289,"column":0},"end":{"line":305,"column":1}},"160":{"start":{"line":290,"column":1},"end":{"line":290,"column":45}},"161":{"start":{"line":291,"column":1},"end":{"line":291,"column":28}},"162":{"start":{"line":292,"column":1},"end":{"line":292,"column":27}},"163":{"start":{"line":293,"column":1},"end":{"line":293,"column":23}},"164":{"start":{"line":295,"column":1},"end":{"line":297,"column":2}},"165":{"start":{"line":296,"column":2},"end":{"line":296,"column":43}},"166":{"start":{"line":300,"column":1},"end":{"line":302,"column":2}},"167":{"start":{"line":301,"column":2},"end":{"line":301,"column":37}},"168":{"start":{"line":304,"column":1},"end":{"line":304,"column":48}},"169":{"start":{"line":307,"column":0},"end":{"line":333,"column":1}},"170":{"start":{"line":308,"column":1},"end":{"line":308,"column":36}},"171":{"start":{"line":310,"column":1},"end":{"line":332,"column":3}},"172":{"start":{"line":312,"column":3},"end":{"line":312,"column":48}},"173":{"start":{"line":313,"column":3},"end":{"line":313,"column":29}},"174":{"start":{"line":314,"column":3},"end":{"line":314,"column":31}},"175":{"start":{"line":316,"column":3},"end":{"line":330,"column":6}},"176":{"start":{"line":317,"column":4},"end":{"line":329,"column":7}},"177":{"start":{"line":318,"column":5},"end":{"line":328,"column":6}},"178":{"start":{"line":319,"column":6},"end":{"line":319,"column":20}},"179":{"start":{"line":321,"column":6},"end":{"line":327,"column":9}},"180":{"start":{"line":322,"column":7},"end":{"line":326,"column":8}},"181":{"start":{"line":323,"column":8},"end":{"line":323,"column":22}},"182":{"start":{"line":325,"column":8},"end":{"line":325,"column":17}},"183":{"start":{"line":335,"column":0},"end":{"line":347,"column":1}},"184":{"start":{"line":336,"column":1},"end":{"line":336,"column":36}},"185":{"start":{"line":338,"column":1},"end":{"line":346,"column":3}},"186":{"start":{"line":340,"column":3},"end":{"line":340,"column":48}},"187":{"start":{"line":341,"column":3},"end":{"line":341,"column":29}},"188":{"start":{"line":342,"column":3},"end":{"line":342,"column":31}},"189":{"start":{"line":343,"column":3},"end":{"line":343,"column":39}},"190":{"start":{"line":344,"column":3},"end":{"line":344,"column":52}},"191":{"start":{"line":349,"column":0},"end":{"line":349,"column":45}},"192":{"start":{"line":350,"column":0},"end":{"line":350,"column":47}},"193":{"start":{"line":352,"column":0},"end":{"line":352,"column":54}},"194":{"start":{"line":353,"column":0},"end":{"line":353,"column":54}},"195":{"start":{"line":355,"column":0},"end":{"line":364,"column":1}},"196":{"start":{"line":356,"column":1},"end":{"line":356,"column":46}},"197":{"start":{"line":357,"column":1},"end":{"line":357,"column":15}},"198":{"start":{"line":359,"column":1},"end":{"line":361,"column":2}},"199":{"start":{"line":360,"column":2},"end":{"line":360,"column":20}},"200":{"start":{"line":363,"column":1},"end":{"line":363,"column":68}},"201":{"start":{"line":366,"column":0},"end":{"line":389,"column":1}},"202":{"start":{"line":367,"column":1},"end":{"line":388,"column":3}},"203":{"start":{"line":368,"colum
[...]
"","function open$1 () {","\tvar ref = normaliseArguments$1( arguments );","\tvar src = ref.resolvedPath;","\tvar options = ref.options;","\tvar flags = ref.flags;","","\tif ( /^.x/.test( flags ) ) {","\t\tbailIfExists( src, flags, options.mode );","\t}","","\treturn new Promise( function ( fulfil, reject ) {","\t\tfunction open$$1 () {","\t\t\tfs.open( src, flags, options.mode, function ( err, fd ) {","\t\t\t\tif ( err ) {","\t\t\t\t\treject( err );","\t\t\t\t} else {","\t\t\t\t\tfulfil( fd );","\t\t\t\t}","\t\t\t});","\t\t}","","\t\t// create dirs if necessary","\t\tif ( /^[wa]/.test( flags ) ) {","\t\t\tmkdirp( path.dirname( src ), function (err) {","\t\t\t\tif ( err ) {","\t\t\t\t\treject( err );","\t\t\t\t} else {","\t\t\t\t\topen$$1();","\t\t\t\t}","\t\t\t});","\t\t} else {","\t\t\topen$$1();","\t\t}","\t});","}","","","function openSync$1 () {","\tvar ref = normaliseArguments$1( arguments );","\tvar src = ref.resolvedPath;","\tvar options = ref.options;","\tvar flags = ref.flags;","","\tif ( /^.x/.test( flags ) ) {","\t\tbailIfExists( src, flags, options.mode );","\t}","","\t// create dirs if necessary","\tif ( /^[wa]/.test( flags ) ) {","\t\tmkdirp.sync( path.dirname( src ) );","\t}","","\treturn fs.openSync( src, flags, options.mode );","}","","function symlink$1 () {","\tvar src = resolvePath( arguments );","","\treturn {","\t\tto: function to () {","\t\t\tvar ref = resolvePathAndOptions( arguments );","\t\t\tvar options = ref.options;","\t\t\tvar dest = ref.resolvedPath;","","\t\t\treturn new Promise( function ( fulfil, reject ) {","\t\t\t\tmkdirp( path.dirname( dest ), function (err) {","\t\t\t\t\tif ( err ) {","\t\t\t\t\t\treject( err );","\t\t\t\t\t} else {","\t\t\t\t\t\tfs.symlink( src, dest, options.type, function (err) {","\t\t\t\t\t\t\tif ( err ) {","\t\t\t\t\t\t\t\treject( err );","\t\t\t\t\t\t\t} else {","\t\t\t\t\t\t\t\tfulfil();","\t\t\t\t\t\t\t}","\t\t\t\t\t\t});","\t\t\t\t\t}","\t\t\t\t});","\t\t\t});","\t\t}","\t};","}","","function symlinkSync$1 () {","\tvar src = resolvePath( arguments );","","\treturn {","\t\tto: function to () {","\t\t\tvar ref = resolvePathAndOptions( arguments );","\t\t\tvar options = ref.options;","\t\t\tvar dest = ref.resolvedPath;","\t\t\tmkdirp.sync( path.dirname( dest ) );","\t\t\treturn fs.symlinkSync( src, dest, options.type );","\t\t}","\t};","}","","var writeFile = asyncMethod$2( 'writeFile' );","var appendFile = asyncMethod$2( 'appendFile' );","","var writeFileSync$1 = syncMethod$2( 'writeFileSync' );","var appendFileSync = syncMethod$2( 'appendFileSync' );","","function normaliseArguments$2 ( args ) {","\targs = Array.prototype.slice.call( args, 0 );","\tvar opts = {};","","\tif ( typeof args[ args.length - 1 ] === 'object' && !( args[ args.length - 1 ] instanceof Buffer ) ) {","\t\topts = args.pop();","\t}","","\treturn { opts: opts, data: args.pop(), dest: resolvePath( args ) };","}","","function asyncMethod$2 ( methodName ) {","\treturn function () {","\t\tvar ref = normaliseArguments$2( arguments );","\t\tvar dest = ref.dest;","\t\tvar data = ref.data;","\t\tvar opts = ref.opts;","","\t\treturn new Promise( function ( fulfil, reject ) {","\t\t\tmkdirp( path.dirname( dest ), function (err) {","\t\t\t\tif ( err ) {","\t\t\t\t\treject( err );","\t\t\t\t} else {","\t\t\t\t\tfs[ methodName ]( dest, data, opts, function (err) {","\t\t\t\t\t\tif ( err ) {","\t\t\t\t\t\t\treject( err );","\t\t\t\t\t\t} else {","\t\t\t\t\t\t\tfulfil( data );","\t\t\t\t\t\t}","\t\t\t\t\t});","\t\t\t\t}","\t\t\t});","\t\t});","\t};","}","","function syncMethod$2 ( methodName ) {","\treturn function () {","\t\tvar ref = normaliseArguments$2( arguments );","\t\tvar dest = ref.dest;","\t\tvar data = ref.data;","","\t\tmkdirp.sync( path.dirname( dest ) );","\t\treturn fs[ methodName ]( dest, data );","\t};","}","","function copydir () {","\tvar ref = resolvePathAndOptions( arguments );","\tvar src = ref.resolvedPath;","\tvar readOptions = ref.options;","","\treturn {","\t\tto: function to () {","\t\t\tvar ref = resolvePathAndOptions( arguments );","\t\t\tvar dest = ref.resolvedPath;","\t\t\tvar writeOptions = ref.options;","","\t\t\tfunction copydir ( src, dest, cb ) {","\t\t\t\tmkdirp( dest, function (err) {","\t\t\t\t\tif ( err ) { return cb( err ); }","","\t\t\t\t\tfs.readdir( src, function ( err, files ) {","\t\t\t\t\t\tif ( err ) { return cb( err ); }","","\t\t\t\t\t\tvar remaining = files.length;","","\t\t\t\t\t\tif ( !remaining ) { return cb(); }","","\t\t\t\t\t\tfunction check ( err ) {","\t\t\t\t\t\t\tif ( err ) {","\t\t\t\t\t\t\t\treturn cb( err );","\t\t\t\t\t\t\t}","","\t\t\t\t\t\t\tif ( !--remaining ) {","\t\t\t\t\t\t\t\tcb();","\t\t\t\t\t\t\t}","\t\t\t\t\t\t}","","\t\t\t\t\t\tfiles.forEach( function ( filename ) {","\t\t\t\t\t\t\tvar srcpath = src + path.sep + filename;","\t\t\t\t\t\t\tvar destpath = dest + path.sep + filename;","","\t\t\t\t\t\t\tfs.stat( srcpath, function ( err, stats ) {","\t\t\t\t\t\t\t\tvar readStream, writeStream;","","\t\t\t\t\t\t\t\tif ( stats.isDirectory() ) {","\t\t\t\t\t\t\t\t\treturn copydir( srcpath, destpath, check );","\t\t\t\t\t\t\t\t}","","\t\t\t\t\t\t\t\treadStream = fs.createReadStream( srcpath, readOptions );","\t\t\t\t\t\t\t\twriteStream = fs.createWriteStream( destpath, writeOptions );","","\t\t\t\t\t\t\t\treadStream.on( 'error', cb );","\t\t\t\t\t\t\t\twriteStream.on( 'error', cb );","","\t\t\t\t\t\t\t\twriteStream.on( 'close', check );","","\t\t\t\t\t\t\t\treadStream.pipe( writeStream );","\t\t\t\t\t\t\t});","\t\t\t\t\t\t});","\t\t\t\t\t});","\t\t\t\t});","\t\t\t}","","\t\t\treturn new Promise( function ( fulfil, reject ) {","\t\t\t\tcopydir( src, dest, function (err) {","\t\t\t\t\tif ( err ) {","\t\t\t\t\t\treject( err );","\t\t\t\t\t} else {","\t\t\t\t\t\tfulfil();","\t\t\t\t\t}","\t\t\t\t});","\t\t\t});","\t\t}","\t};","}","","function copydirSync () {","\tvar ref = resolvePathAndOptions( arguments );","\tvar src = ref.resolvedPath;","\tvar readOptions = ref.options;","","\treturn {","\t\tto: function to () {","\t\t\tvar ref = resolvePathAndOptions( arguments );","\t\t\tvar dest = ref.resolvedPath;","\t\t\tvar writeOptions = ref.options;","","\t\t\tfunction copydir ( src, dest ) {","\t\t\t\tmkdirp.sync( dest );","","\t\t\t\tfs.readdirSync( src ).forEach( function (filename) {","\t\t\t\t\tvar srcpath = src + path.sep + filename;","\t\t\t\t\tvar destpath = dest + path.sep + filename;","","\t\t\t\t\tif ( fs.statSync( srcpath ).isDirectory() ) {","\t\t\t\t\t\treturn copydir( srcpath, destpath );","\t\t\t\t\t}","","\t\t\t\t\tvar data = fs.readFileSync( srcpath, readOptions );","\t\t\t\t\tfs.writeFileSync( destpath, data, writeOptions );","\t\t\t\t});","\t\t\t}","","\t\t\tcopydir( src, dest );","\t\t}","\t};","}","","function copyFile () {","\tvar ref = resolvePathAndOptions( arguments );","\tvar src = ref.resolvedPath;","\tvar readOptions = ref.options;","","\treturn {","\t\tto: function to () {","\t\t\tvar ref = resolvePathAndOptions( arguments );","\t\t\tvar dest = ref.resolvedPath;","\t\t\tvar writeOptions = ref.options;","","\t\t\treturn new Promise( function ( fulfil, reject ) {","\t\t\t\tmkdirp( path.dirname( dest ), function (err) {","\t\t\t\t\tif ( err ) {","\t\t\t\t\t\treject( err );","\t\t\t\t\t} else {","\t\t\t\t\t\tvar readStream = fs.createReadStream( src, readOptions );","\t\t\t\t\t\tvar writeStream = fs.createWriteStream( dest, writeOptions );","","\t\t\t\t\t\treadStream.on( 'error', reject );","\t\t\t\t\t\twriteStream.on( 'error', reject );","","\t\t\t\t\t\twriteStream.on( 'close', fulfil );","","\t\t\t\t\t\treadStream.pipe( writeStream );","\t\t\t\t\t}","\t\t\t\t});","\t\t\t});","\t\t}","\t};","}","","function copyFileSync () {","\tvar ref = resolvePathAndOptions( arguments );","\tvar src = ref.resolvedPath;","\tvar readOptions = ref.options;","","\treturn {","\t\tto: function to () {","\t\t\tvar ref = resolvePathAndOptions( arguments );","\t\t\tvar dest = ref.resolvedPath;","\t\t\tvar writeOptions = ref.options;","","\t\t\tvar data = fs.readFileSync( src, readOptions );","","\t\t\tmkdirp.sync( path.dirname( dest ) );","\t\t\tfs.writeFileSync( dest, data, writeOptions );","\t\t}","\t};","}","","function walk ( dir, callback ) {","\tvar results = [];","","\tfs$1.readdir( dir, function ( err, files ) {","\t\tif ( err ) { return callback( err ); }","","\t\tvar pending = files.length;","\t\tif ( !pending ) { return callback( null, results ); }","","\t\tfiles.forEach( function (file) {","\t\t\tfile = path.resolve( dir, file );","","\t\t\tfs$1.stat( file, function ( err, stats ) {","\t\t\t\tif ( stats && stats.isDirectory() ) {","\t\t\t\t\twalk( file, function ( err, res ) {","\t\t\t\t\t\tresults = results.concat( res );","\t\t\t\t\t\tif ( !--pending ) { callback( null, results ); }","\t\t\t\t\t});","\t\t\t\t} else {","\t\t\t\t\tresults.push( file );","\t\t\t\t\tif ( !--pending ) { callback( null, results ); }","\t\t\t\t}","\t\t\t});","\t\t});","\t});","}","","function lsr () {","\tvar basedir = resolvePath( arguments );","","\treturn new Promise( function ( fulfil, reject ) {","\t\twalk( basedir, function ( err, result ) {","\t\t\tif ( err ) { return reject( err ); }","","\t\t\t// files should be relative to basedir","\t\t\tvar index = basedir.length + 1;","\t\t\tvar i = result.length;","\t\t\twhile ( i-- ) {","\t\t\t\tresult[i] = result[i].substring( index );","\t\t\t}","","\t\t\tfulfil( result );","\t\t});","\t});","}","","function lsrSync () {","\tvar basedir = resolvePath( arguments );","","\tvar result = [];","","\tfunction processdir ( dir ) {","\t\tfs$1.readdirSync( dir ).forEach( function (file) {","\t\t\tvar filepath = dir + path.sep + file;","","\t\t\tif ( fs$1.statSync( filepath ).isDirectory() ) {","\t\t\t\tprocessdir( filepath );","\t\t\t} else {","\t\t\t\tresult.push( filepath.replace( basedir + path.sep, '' ) );","\t\t\t}","\t\t});","\t}","","\tprocessdir( basedir );","\treturn result;","}","","function rimraf () {","\tvar target = resolvePath( arguments );","","\treturn new Promise( function ( fulfil, reject ) {","\t\t_rimraf( target, function (err) {","\t\t\tif ( err ) {","\t\t\t\treject( err );","\t\t\t} else {","\t\t\t\tfulfil();","\t\t\t}","\t\t});","\t});","}","","function rimrafSync () {","\t_rimraf.sync( resolvePath( arguments ) );","}","","var isWindows = process.platform === 'win32';","","function symlinkOrCopy$$1 () {","\tvar arguments$1 = arguments;","","\tif ( isWindows ) {","\t\tvar ref = resolvePathAndOptions( arguments );","\t\tvar src = ref.resolvedPath;","\t\tvar readOptions = ref.options;","","\t\tvar copyDirOrFileTo = stat$2( src )","\t\t\t.then( function (stats) {","\t\t\t\treturn ( stats.isDirectory() ? copydir : copyFile )","\t\t\t\t\t.apply( null, arguments$1 )","\t\t\t\t\t.to;","\t\t\t});","","\t\treturn {","\t\t\tto: function to () {","\t\t\t\tvar arguments$1 = arguments;","","\t\t\t\treturn copyDirOrFileTo","\t\t\t\t\t.then(function (fn) {","\t\t\t\t\t\treturn fn.apply(null, arguments$1);","\t\t\t\t\t});","\t\t\t}","\t\t};","\t}","","\treturn symlink$1.apply( null, arguments );","}","","function symlinkOrCopySync$$1 () {","\tif ( isWindows ) {","\t\tvar ref = resolvePathAndOptions( arguments );","\t\tvar src = ref.resolvedPath;","\t\tvar readOptions = ref.options;","\t\treturn ( statSync$2( src ).isDirectory() ? copydirSync : copyFileSync ).apply( null, arguments );","\t}","","\treturn symlinkSync$1.apply( null, arguments );","}","","// standard async methods","var chmod = asyncMethod( 'chmod' );","var chown = asyncMethod( 'chown' );","var lchmod = asyncMethod( 'lchmod' );","var lchown = asyncMethod( 'lchown' );","var lstat = asyncMethod( 'lstat' );","var readdir$2 = asyncMethod( 'readdir' );","var readFile = asyncMethod( 'readFile' );","var readlink = asyncMethod( 'readlink' );","var realpath = asyncMethod( 'realpath' );","var rmdir = asyncMethod( 'rmdir' );","var stat$2 = asyncMethod( 'stat' );","var truncate = asyncMethod( 'truncate' );","var unlink = asyncMethod( 'unlink' );","var utimes = asyncMethod( 'utimes' );","var unwatchFile = asyncMethod( 'unwatchFile' );","var watch = asyncMethod( 'watch' );","var watchFile = asyncMethod( 'watchFile' );","","// standard sync methods","var chmodSync = syncMethod( 'chmodSync' );","var chownSync = syncMethod( 'chownSync' );","var lchmodSync = syncMethod( 'lchmodSync' );","var lchownSync = syncMethod( 'lchownSync' );","var lstatSync = syncMethod( 'lstatSync' );","var readdirSync$2 = syncMethod( 'readdirSync' );","var readFileSync$1 = syncMethod( 'readFileSync' );","var readlinkSync = syncMethod( 'readlinkSync' );","var realpathSync = syncMethod( 'realpathSync' );","var rmdirSync = syncMethod( 'rmdirSync' );","var statSync$2 = syncMethod( 'statSync' );","var truncateSync = syncMethod( 'truncateSync' );","var unlinkSync = syncMethod( 'unlinkSync' );","var utimesSync = syncMethod( 'utimesSync' );","","// file descriptor async methods","var close = asyncFileDescriptorMethod( 'close' );","var fchmod = asyncFileDescriptorMethod( 'fchmod' );","var fchown = asyncFileDescriptorMethod( 'fchown' );","var fstat = asyncFileDescriptorMethod( 'fstat' );","var fsync = asyncFileDescriptorMethod( 'fsync' );","var ftruncate = asyncFileDescriptorMethod( 'ftruncate' );","var futimes = asyncFileDescriptorMethod( 'futimes' );","var read = asyncFileDescriptorMethod( 'read' );","","// file descriptor sync methods","var closeSync$1 = fs.closeSync;","var fchmodSync$1 = fs.fchmodSync;","var fchownSync$1 = fs.fchownSync;","var fstatSync$1 = fs.fstatSync;","var fsyncSync$1 = fs.fsyncSync;","var ftruncateSync$1 = fs.ftruncateSync;","var futimesSync$1 = fs.futimesSync;","var readSync$1 = fs.readSync;","","exports.chmod = chmod;","exports.chown = chown;","exports.lchmod = lchmod;","exports.lchown = lchown;","exports.lstat = lstat;","exports.readdir = readdir$2;","exports.readFile = readFile;","exports.readlink = readlink;","exports.realpath = realpath;","exports.rmdir = rmdir;","exports.stat = stat$2;","exports.truncate = truncate;","exports.unlink = unlink;","exports.utimes = utimes;","exports.unwatchFile = unwatchFile;","exports.watch = watch;","exports.watchFile = watchFile;","exports.chmodSync = chmodSync;","exports.chownSync = chownSync;","exports.lchmodSync = lchmodSync;","exports.lchownSync = lchownSync;","exports.lstatSync = lstatSync;","exports.readdirSync = readdirSync$2;","exports.readFileSync = readFileSync$1;","exports.readlinkSync = readlinkSync;","exports.realpathSync = realpathSync;","exports.rmdirSync = rmdirSync;","exports.statSync = statSync$2;","exports.truncateSync = truncateSync;","exports.unlinkSync = unlinkSync;","exports.utimesSync = utimesSync;","exports.close = close;","exports.fchmod = fchmod;","exports.fchown = fchown;","exports.fstat = fstat;","exports.fsync = fsync;","exports.ftruncate = ftruncate;","exports.futimes = futimes;","exports.read = read;","exports.closeSync = closeSync$1;","exports.fchmodSync = fchmodSync$1;","exports.fchownSync = fchownSync$1;","exports.fstatSync = fstatSync$1;","exports.fsyncSync = fsyncSync$1;","exports.ftruncateSync = ftruncateSync$1;","exports.futimesSync = futimesSync$1;","exports.readSync = readSync$1;","exports.createReadStream = createReadStream$1;","exports.createWriteStream = createWriteStream$1;","exports.exists = exists$1;","exports.existsSync = existsSync$1;","exports.link = link;","exports.linkSync = linkSync;","exports.rename = rename;","exports.renameSync = renameSync;","exports.mkdir = mkdir;","exports.mkdirSync = mkdirSync;","exports.open = open$1;","exports.openSync = openSync$1;","exports.symlink = symlink$1;","exports.symlinkSync = symlinkSync$1;","exports.writeFile = writeFile;","exports.writeFileSync = writeFileSync$1;","exports.appendFile = appendFile;","exports.appendFileSync = appendFileSync;","exports.copydir = copydir;","exports.copydirSync = copydirSync;","exports.copyFile = copyFile;","exports.copyFileSync = copyFileSync;","exports.lsr = lsr;","exports.lsrSync = lsrSync;","exports.rimraf = rimraf;","exports.rimrafSync = rimrafSync;","exports.symlinkOrCopy = symlinkOrCopy$$1;","exports.symlinkOrCopySync = symlinkOrCopySync$$1;","//# sourceMappingURL=sander.cjs.js.map",""],"l":{"3":1,"5":2,"7":1,"8":1,"9":1,"10":1,"11":1,"13":1,"14":0,"17":1,"18":0,"20":0,"21":0,"22":0,"23":0,"25":0,"26":0,"27":0,"29":0,"30":0,"34":0,"36":0,"39":1,"40":17,"41":0,"43":0,"44":0,"45":0,"46":0,"48":0,"52":0,"57":1,"58":14,"59":0,"60":0,"64":1,"65":8,"66":0,"68":0,"69":0,"71":0,"72":0,"75":0,"76":0,"77":0,"78":0,"80":0,"84":0,"89":1,"90":0,"91":0,"93":0,"94":0,"96":0,"97":0,"99":0,"100":0,"103":0,"104":0,"107":0,"109":0,"112":1,"113":0,"114":0,"115":0,"116":0,"119":1,"120":0,"121":0,"122":0,"124":0,"125":0,"128":1,"129":0,"131":0,"132":0,"136":1,"137":0,"140":1,"141":1,"143":1,"144":1,"146":1,"147":2,"148":0,"150":0,"152":0,"154":0,"155":0,"156":0,"157":0,"159":0,"160":0,"161":0,"163":0,"174":1,"175":2,"176":0,"178":0,"180":0,"182":0,"183":0,"189":1,"190":0,"192":0,"193":0,"194":0,"195":0,"197":0,"203":1,"204":0,"205":0,"208":1,"209":0,"210":0,"211":0,"213":0,"214":0,"215":0,"216":0,"218":0,"219":0,"220":0,"223":0,"224":0,"225":0,"228":0,"230":0,"233":1,"234":0,"236":0,"237":0,"238":0,"240":0,"241":0,"245":0,"248":0,"252":1,"253":0,"254":0,"255":0,"256":0,"258":0,"259":0,"262":0,"263":1,"264":0,"265":0,"266":0,"268":0,"274":0,"275":0,"276":0,"277":0,"279":0,"283":0,"289":1,"290":0,"291":0,"292":0,"293":0,"295":0,"296":0,"300":0,"301":0,"304":0,"307":1,"308":0,"310":0,"312":0,"313":0,"314":0,"316":0,"317":0,"318":0,"319":0,"321":0,"322":0,"323":0,"325":0,"335":1,"336":0,"338":0,"340":0,"341":0,"342":0,"343":0,"344":0,"349":1,"350":1,"352":1,"353":1,"355":1,"356":0,"357":0,"359":0,"360":0,"363":0,"366":1,"367":2,"368":0,"369":0,"370":0,"371":0,"373":0,"374":0,"375":0,"376":0,"378":0,"379":0,"380":0,"382":0,"391":1,"392":2,"393":0,"394":0,"395":0,"397":0,"398":0,"402":1,"403":0,"404":0,"405":0,"407":0,"409":0,"410":0,"411":0,"413":1,"414":0,"415":0,"417":0,"418":0,"420":0,"422":0,"424":1,"425":0,"426":0,"429":0,"430":0,"434":0,"435":0,"436":0,"438":0,"439":0,"441":0,"442":0,"445":0,"446":0,"448":0,"449":0,"451":0,"453":0,"460":0,"461":0,"462":0,"463":0,"465":0,"473":1,"474":0,"475":0,"476":0,"478":0,"480":0,"481":0,"482":0,"484":1,"485":0,"487":0,"488":0,"489":0,"491":0,"492":0,"495":0,"496":0,"500":0,"505":1,"506":0,"507":0,"508":0,"510":0,"512":0,"513":0,"514":0,"516":0,"517":0,"518":0,"519":0,"521":0,"522":0,"524":0,"525":0,"527":0,"529":0,"537":1,"538":0,"539":0,"540":0,"542":0,"544":0,"545":0,"546":0,"548":0,"550":0,"551":0,"556":1,"557":0,"559":0,"560":0,"562":0,"563":0,"565":0,"566":0,"568":0,"569":0,"570":0,"571":0,"572":0,"575":0,"576":0,"583":1,"584":0,"586":0,"587":0,"588":0,"591":0,"592":0,"593":0,"594":0,"597":0,"602":1,"603":0,"605":0,"607":1,"608":0,"609":0,"611":0,"612":0,"614":0,"619":0,"620":0,"623":1,"624":0,"626":0,"627":0,"628":0,"629":0,"631":0,"637":1,"638":0,"641":1,"643":1,"644":0,"646":0,"647":0,"648":0,"649":0,"651":0,"653":0,"658":0,"660":0,"662":0,"664":0,"670":0,"673":1,"674":0,"675":0,"676":0,"677":0,"678":0,"681":0,"685":1,"686":1,"687":1,"688":1,"689":1,"690":1,"691":1,"692":1,"693":1,"694":1,"695":1,"696":1,"697":1,"698":1,"699":1,"700":1,"701":1,"704":1,"705":1,"706":1,"707":1,"708":1,"709":1,"710":1,"711":1,"712":1,"713":1,"714":1,"715":1,"716":1,"717":1,"720":1,"721":1,"722":1,"723":1,"724":1,"725":1,"726":1,"727":1,"730":1,"731":1,"732":1,"733":1,"734":1,"735":1,"736":1,"737":1,"739":1,"740":1,"741":1,"742":1,"743":1,"744":1,"745":1,"746":1,"747":1,"748":1,"749":1,"750":1,"751":1,"752":1,"753":1,"754":1,"755":1,"756":1,"757":1,"758":1,"759":1,"760":1,"761":1,"762":1,"763":1,"764":1,"765":1,"766":1,"767":1,"768":1,"769":1,"770":1,"771":1,"772":1,"773":1,"774":1,"775":1,"776":1,"777":1,"778":1,"779":1,"780":1,"781":1,"782":1,"783":1,"784":1,"785":1,"786":1,"787":1,"788":1,"789":1,"790":1,"791":1,"792":1,"793":1,"794":1,"795":1,"796":1,"797":1,"798":1,"799":1,"800":1,"801":1,"802":1,"803":1,"804":1,"805":1,"806":1,"807":1,"808":1,"809":1,"810":1,"811":1,"812":1,"813":1}}}